Performing C SOURCE FILE Test CMAKE_HAVE_LIBC_PTHREAD failed with the following output:
Change Dir: /home/zcw/Dlib_clone/dlib-19.21/examples/build/CMakeFiles/CMakeTmp

Run Build Command(s):/usr/bin/make cmTC_0b4be/fast && /usr/bin/make -f CMakeFiles/cmTC_0b4be.dir/build.make CMakeFiles/cmTC_0b4be.dir/build
make[1]: Entering directory '/home/zcw/Dlib_clone/dlib-19.21/examples/build/CMakeFiles/CMakeTmp'
Building C object CMakeFiles/cmTC_0b4be.dir/src.c.o
/usr/bin/cc   -DCMAKE_HAVE_LIBC_PTHREAD   -o CMakeFiles/cmTC_0b4be.dir/src.c.o   -c /home/zcw/Dlib_clone/dlib-19.21/examples/build/CMakeFiles/CMakeTmp/src.c
Linking C executable cmTC_0b4be
/usr/bin/cmake -E cmake_link_script CMakeFiles/cmTC_0b4be.dir/link.txt --verbose=1
/usr/bin/cc  -DCMAKE_HAVE_LIBC_PTHREAD    -rdynamic CMakeFiles/cmTC_0b4be.dir/src.c.o  -o cmTC_0b4be 
/usr/bin/ld: CMakeFiles/cmTC_0b4be.dir/src.c.o: in function `main':
src.c:(.text+0x46): undefined reference to `pthread_create'
/usr/bin/ld: src.c:(.text+0x52): undefined reference to `pthread_detach'
/usr/bin/ld: src.c:(.text+0x63): undefined reference to `pthread_join'
collect2: error: ld returned 1 exit status
make[1]: *** [CMakeFiles/cmTC_0b4be.dir/build.make:87: cmTC_0b4be] Error 1
make[1]: Leaving directory '/home/zcw/Dlib_clone/dlib-19.21/examples/build/CMakeFiles/CMakeTmp'
make: *** [Makefile:121: cmTC_0b4be/fast] Error 2


Source file was:
#include <pthread.h>

void* test_func(void* data)
{
  return data;
}

int main(void)
{
  pthread_t thread;
  pthread_create(&thread, NULL, test_func, NULL);
  pthread_detach(thread);
  pthread_join(thread, NULL);
  pthread_atfork(NULL, NULL, NULL);
  pthread_exit(NULL);

  return 0;
}

Determining if the function pthread_create exists in the pthreads failed with the following output:
Change Dir: /home/zcw/Dlib_clone/dlib-19.21/examples/build/CMakeFiles/CMakeTmp

Run Build Command(s):/usr/bin/make cmTC_8f0f7/fast && /usr/bin/make -f CMakeFiles/cmTC_8f0f7.dir/build.make CMakeFiles/cmTC_8f0f7.dir/build
make[1]: Entering directory '/home/zcw/Dlib_clone/dlib-19.21/examples/build/CMakeFiles/CMakeTmp'
Building C object CMakeFiles/cmTC_8f0f7.dir/CheckFunctionExists.c.o
/usr/bin/cc   -DCHECK_FUNCTION_EXISTS=pthread_create   -o CMakeFiles/cmTC_8f0f7.dir/CheckFunctionExists.c.o   -c /usr/share/cmake-3.16/Modules/CheckFunctionExists.c
Linking C executable cmTC_8f0f7
/usr/bin/cmake -E cmake_link_script CMakeFiles/cmTC_8f0f7.dir/link.txt --verbose=1
/usr/bin/cc  -DCHECK_FUNCTION_EXISTS=pthread_create    -rdynamic CMakeFiles/cmTC_8f0f7.dir/CheckFunctionExists.c.o  -o cmTC_8f0f7  -lpthreads 
/usr/bin/ld: cannot find -lpthreads
collect2: error: ld returned 1 exit status
make[1]: *** [CMakeFiles/cmTC_8f0f7.dir/build.make:87: cmTC_8f0f7] Error 1
make[1]: Leaving directory '/home/zcw/Dlib_clone/dlib-19.21/examples/build/CMakeFiles/CMakeTmp'
make: *** [Makefile:121: cmTC_8f0f7/fast] Error 2



Determining if the function sgesv exists failed with the following output:
Change Dir: /home/zcw/Dlib_clone/dlib-19.21/examples/build/CMakeFiles/CMakeTmp

Run Build Command(s):/usr/bin/make cmTC_5088d/fast && /usr/bin/make -f CMakeFiles/cmTC_5088d.dir/build.make CMakeFiles/cmTC_5088d.dir/build
make[1]: Entering directory '/home/zcw/Dlib_clone/dlib-19.21/examples/build/CMakeFiles/CMakeTmp'
Building C object CMakeFiles/cmTC_5088d.dir/CheckFunctionExists.c.o
/usr/bin/cc   -DCHECK_FUNCTION_EXISTS=sgesv   -o CMakeFiles/cmTC_5088d.dir/CheckFunctionExists.c.o   -c /usr/share/cmake-3.16/Modules/CheckFunctionExists.c
Linking C executable cmTC_5088d
/usr/bin/cmake -E cmake_link_script CMakeFiles/cmTC_5088d.dir/link.txt --verbose=1
/usr/bin/cc  -DCHECK_FUNCTION_EXISTS=sgesv    -rdynamic CMakeFiles/cmTC_5088d.dir/CheckFunctionExists.c.o  -o cmTC_5088d  /usr/lib/x86_64-linux-gnu/liblapack.so 
/usr/bin/ld: CMakeFiles/cmTC_5088d.dir/CheckFunctionExists.c.o: in function `main':
CheckFunctionExists.c:(.text+0x14): undefined reference to `sgesv'
collect2: error: ld returned 1 exit status
make[1]: *** [CMakeFiles/cmTC_5088d.dir/build.make:88: cmTC_5088d] Error 1
make[1]: Leaving directory '/home/zcw/Dlib_clone/dlib-19.21/examples/build/CMakeFiles/CMakeTmp'
make: *** [Makefile:121: cmTC_5088d/fast] Error 2



