Performing C SOURCE FILE Test CMAKE_HAVE_LIBC_PTHREAD failed with the following output:
Change Dir: /home/zcw/machine_learning_CPP/Chapter3/Dlib/build/CMakeFiles/CMakeTmp

Run Build Command(s):/usr/bin/make cmTC_991d6/fast && /usr/bin/make -f CMakeFiles/cmTC_991d6.dir/build.make CMakeFiles/cmTC_991d6.dir/build
make[1]: Entering directory '/home/zcw/machine_learning_CPP/Chapter3/Dlib/build/CMakeFiles/CMakeTmp'
Building C object CMakeFiles/cmTC_991d6.dir/src.c.o
/usr/bin/cc   -DCMAKE_HAVE_LIBC_PTHREAD   -o CMakeFiles/cmTC_991d6.dir/src.c.o   -c /home/zcw/machine_learning_CPP/Chapter3/Dlib/build/CMakeFiles/CMakeTmp/src.c
Linking C executable cmTC_991d6
/usr/bin/cmake -E cmake_link_script CMakeFiles/cmTC_991d6.dir/link.txt --verbose=1
/usr/bin/cc  -DCMAKE_HAVE_LIBC_PTHREAD    -rdynamic CMakeFiles/cmTC_991d6.dir/src.c.o  -o cmTC_991d6 
/usr/bin/ld: CMakeFiles/cmTC_991d6.dir/src.c.o: in function `main':
src.c:(.text+0x46): undefined reference to `pthread_create'
/usr/bin/ld: src.c:(.text+0x52): undefined reference to `pthread_detach'
/usr/bin/ld: src.c:(.text+0x63): undefined reference to `pthread_join'
collect2: error: ld returned 1 exit status
make[1]: *** [CMakeFiles/cmTC_991d6.dir/build.make:87: cmTC_991d6] Error 1
make[1]: Leaving directory '/home/zcw/machine_learning_CPP/Chapter3/Dlib/build/CMakeFiles/CMakeTmp'
make: *** [Makefile:121: cmTC_991d6/fast] Error 2


Source file was:
#include <pthread.h>

void* test_func(void* data)
{
  return data;
}

int main(void)
{
  pthread_t thread;
  pthread_create(&thread, NULL, test_func, NULL);
  pthread_detach(thread);
  pthread_join(thread, NULL);
  pthread_atfork(NULL, NULL, NULL);
  pthread_exit(NULL);

  return 0;
}

Determining if the function pthread_create exists in the pthreads failed with the following output:
Change Dir: /home/zcw/machine_learning_CPP/Chapter3/Dlib/build/CMakeFiles/CMakeTmp

Run Build Command(s):/usr/bin/make cmTC_81311/fast && /usr/bin/make -f CMakeFiles/cmTC_81311.dir/build.make CMakeFiles/cmTC_81311.dir/build
make[1]: Entering directory '/home/zcw/machine_learning_CPP/Chapter3/Dlib/build/CMakeFiles/CMakeTmp'
Building C object CMakeFiles/cmTC_81311.dir/CheckFunctionExists.c.o
/usr/bin/cc   -DCHECK_FUNCTION_EXISTS=pthread_create   -o CMakeFiles/cmTC_81311.dir/CheckFunctionExists.c.o   -c /usr/share/cmake-3.16/Modules/CheckFunctionExists.c
Linking C executable cmTC_81311
/usr/bin/cmake -E cmake_link_script CMakeFiles/cmTC_81311.dir/link.txt --verbose=1
/usr/bin/cc  -DCHECK_FUNCTION_EXISTS=pthread_create    -rdynamic CMakeFiles/cmTC_81311.dir/CheckFunctionExists.c.o  -o cmTC_81311  -lpthreads 
/usr/bin/ld: cannot find -lpthreads
collect2: error: ld returned 1 exit status
make[1]: *** [CMakeFiles/cmTC_81311.dir/build.make:87: cmTC_81311] Error 1
make[1]: Leaving directory '/home/zcw/machine_learning_CPP/Chapter3/Dlib/build/CMakeFiles/CMakeTmp'
make: *** [Makefile:121: cmTC_81311/fast] Error 2



Determining if the function sgesv exists failed with the following output:
Change Dir: /home/zcw/machine_learning_CPP/Chapter3/Dlib/build/CMakeFiles/CMakeTmp

Run Build Command(s):/usr/bin/make cmTC_524c4/fast && /usr/bin/make -f CMakeFiles/cmTC_524c4.dir/build.make CMakeFiles/cmTC_524c4.dir/build
make[1]: Entering directory '/home/zcw/machine_learning_CPP/Chapter3/Dlib/build/CMakeFiles/CMakeTmp'
Building C object CMakeFiles/cmTC_524c4.dir/CheckFunctionExists.c.o
/usr/bin/cc   -DCHECK_FUNCTION_EXISTS=sgesv   -o CMakeFiles/cmTC_524c4.dir/CheckFunctionExists.c.o   -c /usr/share/cmake-3.16/Modules/CheckFunctionExists.c
Linking C executable cmTC_524c4
/usr/bin/cmake -E cmake_link_script CMakeFiles/cmTC_524c4.dir/link.txt --verbose=1
/usr/bin/cc  -DCHECK_FUNCTION_EXISTS=sgesv    -rdynamic CMakeFiles/cmTC_524c4.dir/CheckFunctionExists.c.o  -o cmTC_524c4 
/usr/bin/ld: CMakeFiles/cmTC_524c4.dir/CheckFunctionExists.c.o: in function `main':
CheckFunctionExists.c:(.text+0x14): undefined reference to `sgesv'
collect2: error: ld returned 1 exit status
make[1]: *** [CMakeFiles/cmTC_524c4.dir/build.make:87: cmTC_524c4] Error 1
make[1]: Leaving directory '/home/zcw/machine_learning_CPP/Chapter3/Dlib/build/CMakeFiles/CMakeTmp'
make: *** [Makefile:121: cmTC_524c4/fast] Error 2



Determining if the function sgesv_ exists failed with the following output:
Change Dir: /home/zcw/machine_learning_CPP/Chapter3/Dlib/build/CMakeFiles/CMakeTmp

Run Build Command(s):/usr/bin/make cmTC_2ae2e/fast && /usr/bin/make -f CMakeFiles/cmTC_2ae2e.dir/build.make CMakeFiles/cmTC_2ae2e.dir/build
make[1]: Entering directory '/home/zcw/machine_learning_CPP/Chapter3/Dlib/build/CMakeFiles/CMakeTmp'
Building C object CMakeFiles/cmTC_2ae2e.dir/CheckFunctionExists.c.o
/usr/bin/cc   -DCHECK_FUNCTION_EXISTS=sgesv_   -o CMakeFiles/cmTC_2ae2e.dir/CheckFunctionExists.c.o   -c /usr/share/cmake-3.16/Modules/CheckFunctionExists.c
Linking C executable cmTC_2ae2e
/usr/bin/cmake -E cmake_link_script CMakeFiles/cmTC_2ae2e.dir/link.txt --verbose=1
/usr/bin/cc  -DCHECK_FUNCTION_EXISTS=sgesv_    -rdynamic CMakeFiles/cmTC_2ae2e.dir/CheckFunctionExists.c.o  -o cmTC_2ae2e 
/usr/bin/ld: CMakeFiles/cmTC_2ae2e.dir/CheckFunctionExists.c.o: in function `main':
CheckFunctionExists.c:(.text+0x14): undefined reference to `sgesv_'
collect2: error: ld returned 1 exit status
make[1]: *** [CMakeFiles/cmTC_2ae2e.dir/build.make:87: cmTC_2ae2e] Error 1
make[1]: Leaving directory '/home/zcw/machine_learning_CPP/Chapter3/Dlib/build/CMakeFiles/CMakeTmp'
make: *** [Makefile:121: cmTC_2ae2e/fast] Error 2



