Build output check failed:
    Regex: 'argument .* is not valid'
    Output line: 'cc1: warning: ‘-Werror=’ argument ‘-Werror=non-virtual-dtor’ is not valid for C'
Compilation failed:
    source file: '/home/zcw/C++_MUKOEDO_LIB/pytorch_clone/build/CMakeFiles/CMakeTmp/src.c'
    check option: ' -fsigned-char -W -Wall -Werror=return-type  -Werror=non-virtual-dtor'
===== BUILD LOG =====
Change Dir: /home/zcw/C++_MUKOEDO_LIB/pytorch_clone/build/CMakeFiles/CMakeTmp

Run Build Command(s):/usr/bin/make cmTC_0da97/fast && /usr/bin/make -f CMakeFiles/cmTC_0da97.dir/build.make CMakeFiles/cmTC_0da97.dir/build
make[1]: Entering directory '/home/zcw/C++_MUKOEDO_LIB/pytorch_clone/build/CMakeFiles/CMakeTmp'
Building C object CMakeFiles/cmTC_0da97.dir/src.c.o
/usr/bin/cc   -O3 -DNDEBUG -fPIE    -fsigned-char -W -Wall -Werror=return-type  -Werror=non-virtual-dtor -o CMakeFiles/cmTC_0da97.dir/src.c.o   -c /home/zcw/C++_MUKOEDO_LIB/pytorch_clone/build/CMakeFiles/CMakeTmp/src.c
cc1: warning: ‘-Werror=’ argument ‘-Werror=non-virtual-dtor’ is not valid for C
/home/zcw/C++_MUKOEDO_LIB/pytorch_clone/build/CMakeFiles/CMakeTmp/src.c:1: warning: ignoring #pragma   [-Wunknown-pragmas]
    1 | #pragma
      | 
Linking C executable cmTC_0da97
/usr/bin/cmake -E cmake_link_script CMakeFiles/cmTC_0da97.dir/link.txt --verbose=1
/usr/bin/cc   -O3 -DNDEBUG    CMakeFiles/cmTC_0da97.dir/src.c.o  -o cmTC_0da97 
make[1]: Leaving directory '/home/zcw/C++_MUKOEDO_LIB/pytorch_clone/build/CMakeFiles/CMakeTmp'


===== END =====

Build output check failed:
    Regex: 'command[- ]line option .* is valid for .* but not for C\+\+'
    Output line: 'cc1plus: warning: command line option ‘-Wmissing-prototypes’ is valid for C/ObjC but not for C++'
Compilation failed:
    source file: '/home/zcw/C++_MUKOEDO_LIB/pytorch_clone/build/CMakeFiles/CMakeTmp/src.cxx'
    check option: ' -fsigned-char -W -Wall -Werror=return-type -Werror=non-virtual-dtor -Werror=address -Werror=sequence-point -Wformat -Werror=format-security -Wmissing-declarations  -Wmissing-prototypes'
===== BUILD LOG =====
Change Dir: /home/zcw/C++_MUKOEDO_LIB/pytorch_clone/build/CMakeFiles/CMakeTmp

Run Build Command(s):/usr/bin/make cmTC_270a6/fast && /usr/bin/make -f CMakeFiles/cmTC_270a6.dir/build.make CMakeFiles/cmTC_270a6.dir/build
make[1]: Entering directory '/home/zcw/C++_MUKOEDO_LIB/pytorch_clone/build/CMakeFiles/CMakeTmp'
Building CXX object CMakeFiles/cmTC_270a6.dir/src.cxx.o
/usr/bin/c++    -O3 -DNDEBUG -fPIE    -fsigned-char -W -Wall -Werror=return-type -Werror=non-virtual-dtor -Werror=address -Werror=sequence-point -Wformat -Werror=format-security -Wmissing-declarations  -Wmissing-prototypes -std=c++11 -o CMakeFiles/cmTC_270a6.dir/src.cxx.o -c /home/zcw/C++_MUKOEDO_LIB/pytorch_clone/build/CMakeFiles/CMakeTmp/src.cxx
cc1plus: warning: command line option ‘-Wmissing-prototypes’ is valid for C/ObjC but not for C++
/home/zcw/C++_MUKOEDO_LIB/pytorch_clone/build/CMakeFiles/CMakeTmp/src.cxx:1: warning: ignoring #pragma   [-Wunknown-pragmas]
    1 | #pragma
      | 
Linking CXX executable cmTC_270a6
/usr/bin/cmake -E cmake_link_script CMakeFiles/cmTC_270a6.dir/link.txt --verbose=1
/usr/bin/c++    -O3 -DNDEBUG    CMakeFiles/cmTC_270a6.dir/src.cxx.o  -o cmTC_270a6 
make[1]: Leaving directory '/home/zcw/C++_MUKOEDO_LIB/pytorch_clone/build/CMakeFiles/CMakeTmp'


===== END =====

Build output check failed:
    Regex: 'command[- ]line option .* is valid for .* but not for C\+\+'
    Output line: 'cc1plus: warning: command line option ‘-Wstrict-prototypes’ is valid for C/ObjC but not for C++'
Compilation failed:
    source file: '/home/zcw/C++_MUKOEDO_LIB/pytorch_clone/build/CMakeFiles/CMakeTmp/src.cxx'
    check option: ' -fsigned-char -W -Wall -Werror=return-type -Werror=non-virtual-dtor -Werror=address -Werror=sequence-point -Wformat -Werror=format-security -Wmissing-declarations  -Wstrict-prototypes'
===== BUILD LOG =====
Change Dir: /home/zcw/C++_MUKOEDO_LIB/pytorch_clone/build/CMakeFiles/CMakeTmp

Run Build Command(s):/usr/bin/make cmTC_e87f0/fast && /usr/bin/make -f CMakeFiles/cmTC_e87f0.dir/build.make CMakeFiles/cmTC_e87f0.dir/build
make[1]: Entering directory '/home/zcw/C++_MUKOEDO_LIB/pytorch_clone/build/CMakeFiles/CMakeTmp'
Building CXX object CMakeFiles/cmTC_e87f0.dir/src.cxx.o
/usr/bin/c++    -O3 -DNDEBUG -fPIE    -fsigned-char -W -Wall -Werror=return-type -Werror=non-virtual-dtor -Werror=address -Werror=sequence-point -Wformat -Werror=format-security -Wmissing-declarations  -Wstrict-prototypes -std=c++11 -o CMakeFiles/cmTC_e87f0.dir/src.cxx.o -c /home/zcw/C++_MUKOEDO_LIB/pytorch_clone/build/CMakeFiles/CMakeTmp/src.cxx
cc1plus: warning: command line option ‘-Wstrict-prototypes’ is valid for C/ObjC but not for C++
/home/zcw/C++_MUKOEDO_LIB/pytorch_clone/build/CMakeFiles/CMakeTmp/src.cxx:1: warning: ignoring #pragma   [-Wunknown-pragmas]
    1 | #pragma
      | 
Linking CXX executable cmTC_e87f0
/usr/bin/cmake -E cmake_link_script CMakeFiles/cmTC_e87f0.dir/link.txt --verbose=1
/usr/bin/c++    -O3 -DNDEBUG    CMakeFiles/cmTC_e87f0.dir/src.cxx.o  -o cmTC_e87f0 
make[1]: Leaving directory '/home/zcw/C++_MUKOEDO_LIB/pytorch_clone/build/CMakeFiles/CMakeTmp'


===== END =====

Build output check failed:
    Regex: 'command[- ]line option .* is valid for .* but not for C'
    Output line: 'cc1: warning: command line option ‘-Wsign-promo’ is valid for C++/ObjC++ but not for C'
Compilation failed:
    source file: '/home/zcw/C++_MUKOEDO_LIB/pytorch_clone/build/CMakeFiles/CMakeTmp/src.c'
    check option: ' -fsigned-char -W -Wall -Werror=return-type -Werror=address -Werror=sequence-point -Wformat -Werror=format-security -Wmissing-declarations -Wmissing-prototypes -Wstrict-prototypes -Wundef -Winit-self -Wpointer-arith -Wshadow  -Wsign-promo'
===== BUILD LOG =====
Change Dir: /home/zcw/C++_MUKOEDO_LIB/pytorch_clone/build/CMakeFiles/CMakeTmp

Run Build Command(s):/usr/bin/make cmTC_bdd2b/fast && /usr/bin/make -f CMakeFiles/cmTC_bdd2b.dir/build.make CMakeFiles/cmTC_bdd2b.dir/build
make[1]: Entering directory '/home/zcw/C++_MUKOEDO_LIB/pytorch_clone/build/CMakeFiles/CMakeTmp'
Building C object CMakeFiles/cmTC_bdd2b.dir/src.c.o
/usr/bin/cc   -O3 -DNDEBUG -fPIE    -fsigned-char -W -Wall -Werror=return-type -Werror=address -Werror=sequence-point -Wformat -Werror=format-security -Wmissing-declarations -Wmissing-prototypes -Wstrict-prototypes -Wundef -Winit-self -Wpointer-arith -Wshadow  -Wsign-promo -o CMakeFiles/cmTC_bdd2b.dir/src.c.o   -c /home/zcw/C++_MUKOEDO_LIB/pytorch_clone/build/CMakeFiles/CMakeTmp/src.c
cc1: warning: command line option ‘-Wsign-promo’ is valid for C++/ObjC++ but not for C
/home/zcw/C++_MUKOEDO_LIB/pytorch_clone/build/CMakeFiles/CMakeTmp/src.c:1: warning: ignoring #pragma   [-Wunknown-pragmas]
    1 | #pragma
      | 
Linking C executable cmTC_bdd2b
/usr/bin/cmake -E cmake_link_script CMakeFiles/cmTC_bdd2b.dir/link.txt --verbose=1
/usr/bin/cc   -O3 -DNDEBUG    CMakeFiles/cmTC_bdd2b.dir/src.c.o  -o cmTC_bdd2b 
make[1]: Leaving directory '/home/zcw/C++_MUKOEDO_LIB/pytorch_clone/build/CMakeFiles/CMakeTmp'


===== END =====

Build output check failed:
    Regex: 'command[- ]line option .* is valid for .* but not for C'
    Output line: 'cc1: warning: command line option ‘-Wsuggest-override’ is valid for C++/ObjC++ but not for C'
Compilation failed:
    source file: '/home/zcw/C++_MUKOEDO_LIB/pytorch_clone/build/CMakeFiles/CMakeTmp/src.c'
    check option: ' -fsigned-char -W -Wall -Werror=return-type -Werror=address -Werror=sequence-point -Wformat -Werror=format-security -Wmissing-declarations -Wmissing-prototypes -Wstrict-prototypes -Wundef -Winit-self -Wpointer-arith -Wshadow -Wuninitialized  -Wsuggest-override'
===== BUILD LOG =====
Change Dir: /home/zcw/C++_MUKOEDO_LIB/pytorch_clone/build/CMakeFiles/CMakeTmp

Run Build Command(s):/usr/bin/make cmTC_84583/fast && /usr/bin/make -f CMakeFiles/cmTC_84583.dir/build.make CMakeFiles/cmTC_84583.dir/build
make[1]: Entering directory '/home/zcw/C++_MUKOEDO_LIB/pytorch_clone/build/CMakeFiles/CMakeTmp'
Building C object CMakeFiles/cmTC_84583.dir/src.c.o
/usr/bin/cc   -O3 -DNDEBUG -fPIE    -fsigned-char -W -Wall -Werror=return-type -Werror=address -Werror=sequence-point -Wformat -Werror=format-security -Wmissing-declarations -Wmissing-prototypes -Wstrict-prototypes -Wundef -Winit-self -Wpointer-arith -Wshadow -Wuninitialized  -Wsuggest-override -o CMakeFiles/cmTC_84583.dir/src.c.o   -c /home/zcw/C++_MUKOEDO_LIB/pytorch_clone/build/CMakeFiles/CMakeTmp/src.c
cc1: warning: command line option ‘-Wsuggest-override’ is valid for C++/ObjC++ but not for C
/home/zcw/C++_MUKOEDO_LIB/pytorch_clone/build/CMakeFiles/CMakeTmp/src.c:1: warning: ignoring #pragma   [-Wunknown-pragmas]
    1 | #pragma
      | 
Linking C executable cmTC_84583
/usr/bin/cmake -E cmake_link_script CMakeFiles/cmTC_84583.dir/link.txt --verbose=1
/usr/bin/cc   -O3 -DNDEBUG    CMakeFiles/cmTC_84583.dir/src.c.o  -o cmTC_84583 
make[1]: Leaving directory '/home/zcw/C++_MUKOEDO_LIB/pytorch_clone/build/CMakeFiles/CMakeTmp'


===== END =====

Build output check failed:
    Regex: 'command[- ]line option .* is valid for .* but not for C'
    Output line: 'cc1: warning: command line option ‘-Wno-delete-non-virtual-dtor’ is valid for C++/ObjC++ but not for C'
Compilation failed:
    source file: '/home/zcw/C++_MUKOEDO_LIB/pytorch_clone/build/CMakeFiles/CMakeTmp/src.c'
    check option: ' -fsigned-char -W -Wall -Werror=return-type -Werror=address -Werror=sequence-point -Wformat -Werror=format-security -Wmissing-declarations -Wmissing-prototypes -Wstrict-prototypes -Wundef -Winit-self -Wpointer-arith -Wshadow -Wuninitialized  -Wno-delete-non-virtual-dtor'
===== BUILD LOG =====
Change Dir: /home/zcw/C++_MUKOEDO_LIB/pytorch_clone/build/CMakeFiles/CMakeTmp

Run Build Command(s):/usr/bin/make cmTC_7cad7/fast && /usr/bin/make -f CMakeFiles/cmTC_7cad7.dir/build.make CMakeFiles/cmTC_7cad7.dir/build
make[1]: Entering directory '/home/zcw/C++_MUKOEDO_LIB/pytorch_clone/build/CMakeFiles/CMakeTmp'
Building C object CMakeFiles/cmTC_7cad7.dir/src.c.o
/usr/bin/cc   -O3 -DNDEBUG -fPIE    -fsigned-char -W -Wall -Werror=return-type -Werror=address -Werror=sequence-point -Wformat -Werror=format-security -Wmissing-declarations -Wmissing-prototypes -Wstrict-prototypes -Wundef -Winit-self -Wpointer-arith -Wshadow -Wuninitialized  -Wno-delete-non-virtual-dtor -o CMakeFiles/cmTC_7cad7.dir/src.c.o   -c /home/zcw/C++_MUKOEDO_LIB/pytorch_clone/build/CMakeFiles/CMakeTmp/src.c
cc1: warning: command line option ‘-Wno-delete-non-virtual-dtor’ is valid for C++/ObjC++ but not for C
/home/zcw/C++_MUKOEDO_LIB/pytorch_clone/build/CMakeFiles/CMakeTmp/src.c:1: warning: ignoring #pragma   [-Wunknown-pragmas]
    1 | #pragma
      | 
Linking C executable cmTC_7cad7
/usr/bin/cmake -E cmake_link_script CMakeFiles/cmTC_7cad7.dir/link.txt --verbose=1
/usr/bin/cc   -O3 -DNDEBUG    CMakeFiles/cmTC_7cad7.dir/src.c.o  -o cmTC_7cad7 
make[1]: Leaving directory '/home/zcw/C++_MUKOEDO_LIB/pytorch_clone/build/CMakeFiles/CMakeTmp'


===== END =====

Build output check failed:
    Regex: 'unrecognized .*option'
    Output line: 'cc1plus: warning: unrecognized command line option ‘-Wno-unnamed-type-template-args’'
Compilation failed:
    source file: '/home/zcw/C++_MUKOEDO_LIB/pytorch_clone/build/CMakeFiles/CMakeTmp/src.cxx'
    check option: ' -fsigned-char -W -Wall -Werror=return-type -Werror=non-virtual-dtor -Werror=address -Werror=sequence-point -Wformat -Werror=format-security -Wmissing-declarations -Wundef -Winit-self -Wpointer-arith -Wshadow -Wsign-promo -Wuninitialized -Wsuggest-override -Wno-delete-non-virtual-dtor  -Wno-unnamed-type-template-args'
===== BUILD LOG =====
Change Dir: /home/zcw/C++_MUKOEDO_LIB/pytorch_clone/build/CMakeFiles/CMakeTmp

Run Build Command(s):/usr/bin/make cmTC_f7e48/fast && /usr/bin/make -f CMakeFiles/cmTC_f7e48.dir/build.make CMakeFiles/cmTC_f7e48.dir/build
make[1]: Entering directory '/home/zcw/C++_MUKOEDO_LIB/pytorch_clone/build/CMakeFiles/CMakeTmp'
Building CXX object CMakeFiles/cmTC_f7e48.dir/src.cxx.o
/usr/bin/c++    -O3 -DNDEBUG -fPIE    -fsigned-char -W -Wall -Werror=return-type -Werror=non-virtual-dtor -Werror=address -Werror=sequence-point -Wformat -Werror=format-security -Wmissing-declarations -Wundef -Winit-self -Wpointer-arith -Wshadow -Wsign-promo -Wuninitialized -Wsuggest-override -Wno-delete-non-virtual-dtor  -Wno-unnamed-type-template-args -std=c++11 -o CMakeFiles/cmTC_f7e48.dir/src.cxx.o -c /home/zcw/C++_MUKOEDO_LIB/pytorch_clone/build/CMakeFiles/CMakeTmp/src.cxx
/home/zcw/C++_MUKOEDO_LIB/pytorch_clone/build/CMakeFiles/CMakeTmp/src.cxx:1: warning: ignoring #pragma   [-Wunknown-pragmas]
    1 | #pragma
      | 
cc1plus: warning: unrecognized command line option ‘-Wno-unnamed-type-template-args’
Linking CXX executable cmTC_f7e48
/usr/bin/cmake -E cmake_link_script CMakeFiles/cmTC_f7e48.dir/link.txt --verbose=1
/usr/bin/c++    -O3 -DNDEBUG    CMakeFiles/cmTC_f7e48.dir/src.cxx.o  -o cmTC_f7e48 
make[1]: Leaving directory '/home/zcw/C++_MUKOEDO_LIB/pytorch_clone/build/CMakeFiles/CMakeTmp'


===== END =====

Build output check failed:
    Regex: 'unrecognized .*option'
    Output line: 'cc1: warning: unrecognized command line option ‘-Wno-unnamed-type-template-args’'
Compilation failed:
    source file: '/home/zcw/C++_MUKOEDO_LIB/pytorch_clone/build/CMakeFiles/CMakeTmp/src.c'
    check option: ' -fsigned-char -W -Wall -Werror=return-type -Werror=address -Werror=sequence-point -Wformat -Werror=format-security -Wmissing-declarations -Wmissing-prototypes -Wstrict-prototypes -Wundef -Winit-self -Wpointer-arith -Wshadow -Wuninitialized  -Wno-unnamed-type-template-args'
===== BUILD LOG =====
Change Dir: /home/zcw/C++_MUKOEDO_LIB/pytorch_clone/build/CMakeFiles/CMakeTmp

Run Build Command(s):/usr/bin/make cmTC_c3f2f/fast && /usr/bin/make -f CMakeFiles/cmTC_c3f2f.dir/build.make CMakeFiles/cmTC_c3f2f.dir/build
make[1]: Entering directory '/home/zcw/C++_MUKOEDO_LIB/pytorch_clone/build/CMakeFiles/CMakeTmp'
Building C object CMakeFiles/cmTC_c3f2f.dir/src.c.o
/usr/bin/cc   -O3 -DNDEBUG -fPIE    -fsigned-char -W -Wall -Werror=return-type -Werror=address -Werror=sequence-point -Wformat -Werror=format-security -Wmissing-declarations -Wmissing-prototypes -Wstrict-prototypes -Wundef -Winit-self -Wpointer-arith -Wshadow -Wuninitialized  -Wno-unnamed-type-template-args -o CMakeFiles/cmTC_c3f2f.dir/src.c.o   -c /home/zcw/C++_MUKOEDO_LIB/pytorch_clone/build/CMakeFiles/CMakeTmp/src.c
/home/zcw/C++_MUKOEDO_LIB/pytorch_clone/build/CMakeFiles/CMakeTmp/src.c:1: warning: ignoring #pragma   [-Wunknown-pragmas]
    1 | #pragma
      | 
cc1: warning: unrecognized command line option ‘-Wno-unnamed-type-template-args’
Linking C executable cmTC_c3f2f
/usr/bin/cmake -E cmake_link_script CMakeFiles/cmTC_c3f2f.dir/link.txt --verbose=1
/usr/bin/cc   -O3 -DNDEBUG    CMakeFiles/cmTC_c3f2f.dir/src.c.o  -o cmTC_c3f2f 
make[1]: Leaving directory '/home/zcw/C++_MUKOEDO_LIB/pytorch_clone/build/CMakeFiles/CMakeTmp'


===== END =====

Build output check failed:
    Regex: 'command[- ]line option .* is valid for .* but not for C'
    Output line: 'cc1: warning: command line option ‘-fvisibility-inlines-hidden’ is valid for C++/ObjC++ but not for C'
Compilation failed:
    source file: '/home/zcw/C++_MUKOEDO_LIB/pytorch_clone/build/CMakeFiles/CMakeTmp/src.c'
    check option: ' -fsigned-char -W -Wall -Werror=return-type -Werror=address -Werror=sequence-point -Wformat -Werror=format-security -Wmissing-declarations -Wmissing-prototypes -Wstrict-prototypes -Wundef -Winit-self -Wpointer-arith -Wshadow -Wuninitialized -Wno-comment -Wimplicit-fallthrough=3 -Wno-strict-overflow -fdiagnostics-show-option -Wno-long-long -pthread -fomit-frame-pointer -ffunction-sections -fdata-sections  -msse -msse2 -msse3 -fvisibility=hidden  -fvisibility-inlines-hidden'
===== BUILD LOG =====
Change Dir: /home/zcw/C++_MUKOEDO_LIB/pytorch_clone/build/CMakeFiles/CMakeTmp

Run Build Command(s):/usr/bin/make cmTC_1859b/fast && /usr/bin/make -f CMakeFiles/cmTC_1859b.dir/build.make CMakeFiles/cmTC_1859b.dir/build
make[1]: Entering directory '/home/zcw/C++_MUKOEDO_LIB/pytorch_clone/build/CMakeFiles/CMakeTmp'
Building C object CMakeFiles/cmTC_1859b.dir/src.c.o
/usr/bin/cc   -O3 -DNDEBUG -fPIE    -fsigned-char -W -Wall -Werror=return-type -Werror=address -Werror=sequence-point -Wformat -Werror=format-security -Wmissing-declarations -Wmissing-prototypes -Wstrict-prototypes -Wundef -Winit-self -Wpointer-arith -Wshadow -Wuninitialized -Wno-comment -Wimplicit-fallthrough=3 -Wno-strict-overflow -fdiagnostics-show-option -Wno-long-long -pthread -fomit-frame-pointer -ffunction-sections -fdata-sections  -msse -msse2 -msse3 -fvisibility=hidden  -fvisibility-inlines-hidden -o CMakeFiles/cmTC_1859b.dir/src.c.o   -c /home/zcw/C++_MUKOEDO_LIB/pytorch_clone/build/CMakeFiles/CMakeTmp/src.c
cc1: warning: command line option ‘-fvisibility-inlines-hidden’ is valid for C++/ObjC++ but not for C
/home/zcw/C++_MUKOEDO_LIB/pytorch_clone/build/CMakeFiles/CMakeTmp/src.c:1: warning: ignoring #pragma   [-Wunknown-pragmas]
    1 | #pragma
      | 
Linking C executable cmTC_1859b
/usr/bin/cmake -E cmake_link_script CMakeFiles/cmTC_1859b.dir/link.txt --verbose=1
/usr/bin/cc   -O3 -DNDEBUG    CMakeFiles/cmTC_1859b.dir/src.c.o  -o cmTC_1859b 
make[1]: Leaving directory '/home/zcw/C++_MUKOEDO_LIB/pytorch_clone/build/CMakeFiles/CMakeTmp'


===== END =====

Determining if the include file io.h exists failed with the following output:
Change Dir: /home/zcw/C++_MUKOEDO_LIB/pytorch_clone/build/CMakeFiles/CMakeTmp

Run Build Command(s):/usr/bin/make cmTC_bae38/fast && /usr/bin/make -f CMakeFiles/cmTC_bae38.dir/build.make CMakeFiles/cmTC_bae38.dir/build
make[1]: Entering directory '/home/zcw/C++_MUKOEDO_LIB/pytorch_clone/build/CMakeFiles/CMakeTmp'
Building C object CMakeFiles/cmTC_bae38.dir/CheckIncludeFile.c.o
/usr/bin/cc   -fsigned-char -W -Wall -Werror=return-type -Werror=address -Werror=sequence-point -Wformat -Werror=format-security -Wmissing-declarations -Wmissing-prototypes -Wstrict-prototypes -Wundef -Winit-self -Wpointer-arith -Wshadow -Wuninitialized -Wno-comment -Wimplicit-fallthrough=3 -Wno-strict-overflow -fdiagnostics-show-option -Wno-long-long -pthread -fomit-frame-pointer -ffunction-sections -fdata-sections  -msse -msse2 -msse3 -fvisibility=hidden  -O3 -DNDEBUG  -DNDEBUG -fPIE   -o CMakeFiles/cmTC_bae38.dir/CheckIncludeFile.c.o   -c /home/zcw/C++_MUKOEDO_LIB/pytorch_clone/build/CMakeFiles/CMakeTmp/CheckIncludeFile.c
/home/zcw/C++_MUKOEDO_LIB/pytorch_clone/build/CMakeFiles/CMakeTmp/CheckIncludeFile.c:1:10: fatal error: io.h: No such file or directory
    1 | #include <io.h>
      |          ^~~~~~
compilation terminated.
make[1]: *** [CMakeFiles/cmTC_bae38.dir/build.make:66: CMakeFiles/cmTC_bae38.dir/CheckIncludeFile.c.o] Error 1
make[1]: Leaving directory '/home/zcw/C++_MUKOEDO_LIB/pytorch_clone/build/CMakeFiles/CMakeTmp'
make: *** [Makefile:121: cmTC_bae38/fast] Error 2



Determining size of INT8 failed with the following output:
Change Dir: /home/zcw/C++_MUKOEDO_LIB/pytorch_clone/build/CMakeFiles/CMakeTmp

Run Build Command(s):/usr/bin/make cmTC_88719/fast && /usr/bin/make -f CMakeFiles/cmTC_88719.dir/build.make CMakeFiles/cmTC_88719.dir/build
make[1]: Entering directory '/home/zcw/C++_MUKOEDO_LIB/pytorch_clone/build/CMakeFiles/CMakeTmp'
Building C object CMakeFiles/cmTC_88719.dir/int8.c.o
/usr/bin/cc   -fsigned-char -W -Wall -Werror=return-type -Werror=address -Werror=sequence-point -Wformat -Werror=format-security -Wmissing-declarations -Wmissing-prototypes -Wstrict-prototypes -Wundef -Winit-self -Wpointer-arith -Wshadow -Wuninitialized -Wno-comment -Wimplicit-fallthrough=3 -Wno-strict-overflow -fdiagnostics-show-option -Wno-long-long -pthread -fomit-frame-pointer -ffunction-sections -fdata-sections  -msse -msse2 -msse3 -fvisibility=hidden  -O3 -DNDEBUG  -DNDEBUG -fPIE   -o CMakeFiles/cmTC_88719.dir/int8.c.o   -c /home/zcw/C++_MUKOEDO_LIB/pytorch_clone/build/CMakeFiles/CheckTypeSize/int8.c
/home/zcw/C++_MUKOEDO_LIB/pytorch_clone/build/CMakeFiles/CheckTypeSize/int8.c:23:22: error: ‘INT8’ undeclared here (not in a function); did you mean ‘INT8_C’?
   23 | #define SIZE (sizeof(INT8))
      |                      ^~~~
/home/zcw/C++_MUKOEDO_LIB/pytorch_clone/build/CMakeFiles/CheckTypeSize/int8.c:25:12: note: in expansion of macro ‘SIZE’
   25 |   ('0' + ((SIZE / 10000)%10)),
      |            ^~~~
make[1]: *** [CMakeFiles/cmTC_88719.dir/build.make:66: CMakeFiles/cmTC_88719.dir/int8.c.o] Error 1
make[1]: Leaving directory '/home/zcw/C++_MUKOEDO_LIB/pytorch_clone/build/CMakeFiles/CMakeTmp'
make: *** [Makefile:121: cmTC_88719/fast] Error 2


/home/zcw/C++_MUKOEDO_LIB/pytorch_clone/build/CMakeFiles/CheckTypeSize/int8.c:
#include <sys/types.h>
#include <stdint.h>
#include <stddef.h>


#undef KEY
#if defined(__i386)
# define KEY '_','_','i','3','8','6'
#elif defined(__x86_64)
# define KEY '_','_','x','8','6','_','6','4'
#elif defined(__ppc__)
# define KEY '_','_','p','p','c','_','_'
#elif defined(__ppc64__)
# define KEY '_','_','p','p','c','6','4','_','_'
#elif defined(__aarch64__)
# define KEY '_','_','a','a','r','c','h','6','4','_','_'
#elif defined(__ARM_ARCH_7A__)
# define KEY '_','_','A','R','M','_','A','R','C','H','_','7','A','_','_'
#elif defined(__ARM_ARCH_7S__)
# define KEY '_','_','A','R','M','_','A','R','C','H','_','7','S','_','_'
#endif

#define SIZE (sizeof(INT8))
static char info_size[] =  {'I', 'N', 'F', 'O', ':', 's','i','z','e','[',
  ('0' + ((SIZE / 10000)%10)),
  ('0' + ((SIZE / 1000)%10)),
  ('0' + ((SIZE / 100)%10)),
  ('0' + ((SIZE / 10)%10)),
  ('0' +  (SIZE    % 10)),
  ']',
#ifdef KEY
  ' ','k','e','y','[', KEY, ']',
#endif
  '\0'};

#ifdef __CLASSIC_C__
int main(argc, argv) int argc; char *argv[];
#else
int main(int argc, char *argv[])
#endif
{
  int require = 0;
  require += info_size[argc];
  (void)argv;
  return require;
}


Determining size of INT16 failed with the following output:
Change Dir: /home/zcw/C++_MUKOEDO_LIB/pytorch_clone/build/CMakeFiles/CMakeTmp

Run Build Command(s):/usr/bin/make cmTC_a68b6/fast && /usr/bin/make -f CMakeFiles/cmTC_a68b6.dir/build.make CMakeFiles/cmTC_a68b6.dir/build
make[1]: Entering directory '/home/zcw/C++_MUKOEDO_LIB/pytorch_clone/build/CMakeFiles/CMakeTmp'
Building C object CMakeFiles/cmTC_a68b6.dir/int16.c.o
/usr/bin/cc   -fsigned-char -W -Wall -Werror=return-type -Werror=address -Werror=sequence-point -Wformat -Werror=format-security -Wmissing-declarations -Wmissing-prototypes -Wstrict-prototypes -Wundef -Winit-self -Wpointer-arith -Wshadow -Wuninitialized -Wno-comment -Wimplicit-fallthrough=3 -Wno-strict-overflow -fdiagnostics-show-option -Wno-long-long -pthread -fomit-frame-pointer -ffunction-sections -fdata-sections  -msse -msse2 -msse3 -fvisibility=hidden  -O3 -DNDEBUG  -DNDEBUG -fPIE   -o CMakeFiles/cmTC_a68b6.dir/int16.c.o   -c /home/zcw/C++_MUKOEDO_LIB/pytorch_clone/build/CMakeFiles/CheckTypeSize/int16.c
/home/zcw/C++_MUKOEDO_LIB/pytorch_clone/build/CMakeFiles/CheckTypeSize/int16.c:23:22: error: ‘INT16’ undeclared here (not in a function); did you mean ‘INT16_C’?
   23 | #define SIZE (sizeof(INT16))
      |                      ^~~~~
/home/zcw/C++_MUKOEDO_LIB/pytorch_clone/build/CMakeFiles/CheckTypeSize/int16.c:25:12: note: in expansion of macro ‘SIZE’
   25 |   ('0' + ((SIZE / 10000)%10)),
      |            ^~~~
make[1]: *** [CMakeFiles/cmTC_a68b6.dir/build.make:66: CMakeFiles/cmTC_a68b6.dir/int16.c.o] Error 1
make[1]: Leaving directory '/home/zcw/C++_MUKOEDO_LIB/pytorch_clone/build/CMakeFiles/CMakeTmp'
make: *** [Makefile:121: cmTC_a68b6/fast] Error 2


/home/zcw/C++_MUKOEDO_LIB/pytorch_clone/build/CMakeFiles/CheckTypeSize/int16.c:
#include <sys/types.h>
#include <stdint.h>
#include <stddef.h>


#undef KEY
#if defined(__i386)
# define KEY '_','_','i','3','8','6'
#elif defined(__x86_64)
# define KEY '_','_','x','8','6','_','6','4'
#elif defined(__ppc__)
# define KEY '_','_','p','p','c','_','_'
#elif defined(__ppc64__)
# define KEY '_','_','p','p','c','6','4','_','_'
#elif defined(__aarch64__)
# define KEY '_','_','a','a','r','c','h','6','4','_','_'
#elif defined(__ARM_ARCH_7A__)
# define KEY '_','_','A','R','M','_','A','R','C','H','_','7','A','_','_'
#elif defined(__ARM_ARCH_7S__)
# define KEY '_','_','A','R','M','_','A','R','C','H','_','7','S','_','_'
#endif

#define SIZE (sizeof(INT16))
static char info_size[] =  {'I', 'N', 'F', 'O', ':', 's','i','z','e','[',
  ('0' + ((SIZE / 10000)%10)),
  ('0' + ((SIZE / 1000)%10)),
  ('0' + ((SIZE / 100)%10)),
  ('0' + ((SIZE / 10)%10)),
  ('0' +  (SIZE    % 10)),
  ']',
#ifdef KEY
  ' ','k','e','y','[', KEY, ']',
#endif
  '\0'};

#ifdef __CLASSIC_C__
int main(argc, argv) int argc; char *argv[];
#else
int main(int argc, char *argv[])
#endif
{
  int require = 0;
  require += info_size[argc];
  (void)argv;
  return require;
}


Determining size of INT32 failed with the following output:
Change Dir: /home/zcw/C++_MUKOEDO_LIB/pytorch_clone/build/CMakeFiles/CMakeTmp

Run Build Command(s):/usr/bin/make cmTC_74dc8/fast && /usr/bin/make -f CMakeFiles/cmTC_74dc8.dir/build.make CMakeFiles/cmTC_74dc8.dir/build
make[1]: Entering directory '/home/zcw/C++_MUKOEDO_LIB/pytorch_clone/build/CMakeFiles/CMakeTmp'
Building C object CMakeFiles/cmTC_74dc8.dir/int32.c.o
/usr/bin/cc   -fsigned-char -W -Wall -Werror=return-type -Werror=address -Werror=sequence-point -Wformat -Werror=format-security -Wmissing-declarations -Wmissing-prototypes -Wstrict-prototypes -Wundef -Winit-self -Wpointer-arith -Wshadow -Wuninitialized -Wno-comment -Wimplicit-fallthrough=3 -Wno-strict-overflow -fdiagnostics-show-option -Wno-long-long -pthread -fomit-frame-pointer -ffunction-sections -fdata-sections  -msse -msse2 -msse3 -fvisibility=hidden  -O3 -DNDEBUG  -DNDEBUG -fPIE   -o CMakeFiles/cmTC_74dc8.dir/int32.c.o   -c /home/zcw/C++_MUKOEDO_LIB/pytorch_clone/build/CMakeFiles/CheckTypeSize/int32.c
/home/zcw/C++_MUKOEDO_LIB/pytorch_clone/build/CMakeFiles/CheckTypeSize/int32.c:23:22: error: ‘INT32’ undeclared here (not in a function); did you mean ‘INT32_C’?
   23 | #define SIZE (sizeof(INT32))
      |                      ^~~~~
/home/zcw/C++_MUKOEDO_LIB/pytorch_clone/build/CMakeFiles/CheckTypeSize/int32.c:25:12: note: in expansion of macro ‘SIZE’
   25 |   ('0' + ((SIZE / 10000)%10)),
      |            ^~~~
make[1]: *** [CMakeFiles/cmTC_74dc8.dir/build.make:66: CMakeFiles/cmTC_74dc8.dir/int32.c.o] Error 1
make[1]: Leaving directory '/home/zcw/C++_MUKOEDO_LIB/pytorch_clone/build/CMakeFiles/CMakeTmp'
make: *** [Makefile:121: cmTC_74dc8/fast] Error 2


/home/zcw/C++_MUKOEDO_LIB/pytorch_clone/build/CMakeFiles/CheckTypeSize/int32.c:
#include <sys/types.h>
#include <stdint.h>
#include <stddef.h>


#undef KEY
#if defined(__i386)
# define KEY '_','_','i','3','8','6'
#elif defined(__x86_64)
# define KEY '_','_','x','8','6','_','6','4'
#elif defined(__ppc__)
# define KEY '_','_','p','p','c','_','_'
#elif defined(__ppc64__)
# define KEY '_','_','p','p','c','6','4','_','_'
#elif defined(__aarch64__)
# define KEY '_','_','a','a','r','c','h','6','4','_','_'
#elif defined(__ARM_ARCH_7A__)
# define KEY '_','_','A','R','M','_','A','R','C','H','_','7','A','_','_'
#elif defined(__ARM_ARCH_7S__)
# define KEY '_','_','A','R','M','_','A','R','C','H','_','7','S','_','_'
#endif

#define SIZE (sizeof(INT32))
static char info_size[] =  {'I', 'N', 'F', 'O', ':', 's','i','z','e','[',
  ('0' + ((SIZE / 10000)%10)),
  ('0' + ((SIZE / 1000)%10)),
  ('0' + ((SIZE / 100)%10)),
  ('0' + ((SIZE / 10)%10)),
  ('0' +  (SIZE    % 10)),
  ']',
#ifdef KEY
  ' ','k','e','y','[', KEY, ']',
#endif
  '\0'};

#ifdef __CLASSIC_C__
int main(argc, argv) int argc; char *argv[];
#else
int main(int argc, char *argv[])
#endif
{
  int require = 0;
  require += info_size[argc];
  (void)argv;
  return require;
}


Determining if the function setmode exists failed with the following output:
Change Dir: /home/zcw/C++_MUKOEDO_LIB/pytorch_clone/build/CMakeFiles/CMakeTmp

Run Build Command(s):/usr/bin/make cmTC_0fc7c/fast && /usr/bin/make -f CMakeFiles/cmTC_0fc7c.dir/build.make CMakeFiles/cmTC_0fc7c.dir/build
make[1]: Entering directory '/home/zcw/C++_MUKOEDO_LIB/pytorch_clone/build/CMakeFiles/CMakeTmp'
Building C object CMakeFiles/cmTC_0fc7c.dir/CheckFunctionExists.c.o
/usr/bin/cc   -fsigned-char -W -Wall -Werror=return-type -Werror=address -Werror=sequence-point -Wformat -Werror=format-security -Wmissing-declarations -Wmissing-prototypes -Wstrict-prototypes -Wundef -Winit-self -Wpointer-arith -Wshadow -Wuninitialized -Wno-comment -Wimplicit-fallthrough=3 -Wno-strict-overflow -fdiagnostics-show-option -Wno-long-long -pthread -fomit-frame-pointer -ffunction-sections -fdata-sections  -msse -msse2 -msse3 -fvisibility=hidden -DCHECK_FUNCTION_EXISTS=setmode -O3 -DNDEBUG  -DNDEBUG -fPIE   -o CMakeFiles/cmTC_0fc7c.dir/CheckFunctionExists.c.o   -c /usr/share/cmake-3.16/Modules/CheckFunctionExists.c
Linking C executable cmTC_0fc7c
/usr/bin/cmake -E cmake_link_script CMakeFiles/cmTC_0fc7c.dir/link.txt --verbose=1
/usr/bin/cc    -fsigned-char -W -Wall -Werror=return-type -Werror=address -Werror=sequence-point -Wformat -Werror=format-security -Wmissing-declarations -Wmissing-prototypes -Wstrict-prototypes -Wundef -Winit-self -Wpointer-arith -Wshadow -Wuninitialized -Wno-comment -Wimplicit-fallthrough=3 -Wno-strict-overflow -fdiagnostics-show-option -Wno-long-long -pthread -fomit-frame-pointer -ffunction-sections -fdata-sections  -msse -msse2 -msse3 -fvisibility=hidden -DCHECK_FUNCTION_EXISTS=setmode -O3 -DNDEBUG  -DNDEBUG    -Wl,--gc-sections -Wl,--as-needed  CMakeFiles/cmTC_0fc7c.dir/CheckFunctionExists.c.o  -o cmTC_0fc7c 
/usr/bin/ld: CMakeFiles/cmTC_0fc7c.dir/CheckFunctionExists.c.o: in function `main':
CheckFunctionExists.c:(.text.startup.main+0x10): undefined reference to `setmode'
collect2: error: ld returned 1 exit status
make[1]: *** [CMakeFiles/cmTC_0fc7c.dir/build.make:87: cmTC_0fc7c] Error 1
make[1]: Leaving directory '/home/zcw/C++_MUKOEDO_LIB/pytorch_clone/build/CMakeFiles/CMakeTmp'
make: *** [Makefile:121: cmTC_0fc7c/fast] Error 2



Build output check failed:
    Regex: 'command[- ]line option .* is valid for .* but not for C\+\+'
    Output line: 'cc1plus: warning: command line option ‘-Wno-missing-prototypes’ is valid for C/ObjC but not for C++'
Compilation failed:
    source file: '/home/zcw/C++_MUKOEDO_LIB/pytorch_clone/build/CMakeFiles/CMakeTmp/src.cxx'
    check option: ' -Wno-missing-prototypes'
===== BUILD LOG =====
Change Dir: /home/zcw/C++_MUKOEDO_LIB/pytorch_clone/build/CMakeFiles/CMakeTmp

Run Build Command(s):/usr/bin/make cmTC_fc89b/fast && /usr/bin/make -f CMakeFiles/cmTC_fc89b.dir/build.make CMakeFiles/cmTC_fc89b.dir/build
make[1]: Entering directory '/home/zcw/C++_MUKOEDO_LIB/pytorch_clone/build/CMakeFiles/CMakeTmp'
Building CXX object CMakeFiles/cmTC_fc89b.dir/src.cxx.o
/usr/bin/c++    -fsigned-char -W -Wall -Werror=return-type -Werror=non-virtual-dtor -Werror=address -Werror=sequence-point -Wformat -Werror=format-security -Wundef -Winit-self -Wpointer-arith -Wshadow -Wsign-promo -Wuninitialized -Wsuggest-override -Wno-delete-non-virtual-dtor -Wno-comment -Wimplicit-fallthrough=3 -Wno-strict-overflow -fdiagnostics-show-option -Wno-long-long -pthread -fomit-frame-pointer -ffunction-sections -fdata-sections  -msse -msse2 -msse3 -fvisibility=hidden -fvisibility-inlines-hidden -Wno-missing-declarations -Wno-unused-parameter  -O3 -DNDEBUG  -DNDEBUG -fPIE    -Wno-missing-prototypes -std=c++11 -o CMakeFiles/cmTC_fc89b.dir/src.cxx.o -c /home/zcw/C++_MUKOEDO_LIB/pytorch_clone/build/CMakeFiles/CMakeTmp/src.cxx
cc1plus: warning: command line option ‘-Wno-missing-prototypes’ is valid for C/ObjC but not for C++
/home/zcw/C++_MUKOEDO_LIB/pytorch_clone/build/CMakeFiles/CMakeTmp/src.cxx:1: warning: ignoring #pragma   [-Wunknown-pragmas]
    1 | #pragma
      | 
Linking CXX executable cmTC_fc89b
/usr/bin/cmake -E cmake_link_script CMakeFiles/cmTC_fc89b.dir/link.txt --verbose=1
/usr/bin/c++     -fsigned-char -W -Wall -Werror=return-type -Werror=non-virtual-dtor -Werror=address -Werror=sequence-point -Wformat -Werror=format-security -Wundef -Winit-self -Wpointer-arith -Wshadow -Wsign-promo -Wuninitialized -Wsuggest-override -Wno-delete-non-virtual-dtor -Wno-comment -Wimplicit-fallthrough=3 -Wno-strict-overflow -fdiagnostics-show-option -Wno-long-long -pthread -fomit-frame-pointer -ffunction-sections -fdata-sections  -msse -msse2 -msse3 -fvisibility=hidden -fvisibility-inlines-hidden -Wno-missing-declarations -Wno-unused-parameter  -O3 -DNDEBUG  -DNDEBUG    -Wl,--gc-sections -Wl,--as-needed  CMakeFiles/cmTC_fc89b.dir/src.cxx.o  -o cmTC_fc89b 
make[1]: Leaving directory '/home/zcw/C++_MUKOEDO_LIB/pytorch_clone/build/CMakeFiles/CMakeTmp'


===== END =====

Build output check failed:
    Regex: 'unrecognized .*option'
    Output line: 'cc1: warning: unrecognized command line option ‘-Wno-implicit-const-int-float-conversion’'
Compilation failed:
    source file: '/home/zcw/C++_MUKOEDO_LIB/pytorch_clone/build/CMakeFiles/CMakeTmp/src.c'
    check option: ' -Wno-implicit-const-int-float-conversion'
===== BUILD LOG =====
Change Dir: /home/zcw/C++_MUKOEDO_LIB/pytorch_clone/build/CMakeFiles/CMakeTmp

Run Build Command(s):/usr/bin/make cmTC_f1b2f/fast && /usr/bin/make -f CMakeFiles/cmTC_f1b2f.dir/build.make CMakeFiles/cmTC_f1b2f.dir/build
make[1]: Entering directory '/home/zcw/C++_MUKOEDO_LIB/pytorch_clone/build/CMakeFiles/CMakeTmp'
Building C object CMakeFiles/cmTC_f1b2f.dir/src.c.o
/usr/bin/cc   -fsigned-char -W -Wall -Werror=return-type -Werror=address -Werror=sequence-point -Wformat -Werror=format-security -Wmissing-declarations -Wmissing-prototypes -Wstrict-prototypes -Wundef -Winit-self -Wpointer-arith -Wshadow -Wuninitialized -Wno-comment -Wimplicit-fallthrough=3 -Wno-strict-overflow -fdiagnostics-show-option -Wno-long-long -pthread -fomit-frame-pointer -ffunction-sections -fdata-sections  -msse -msse2 -msse3 -fvisibility=hidden  -O3 -DNDEBUG  -DNDEBUG -fPIE    -Wno-implicit-const-int-float-conversion -o CMakeFiles/cmTC_f1b2f.dir/src.c.o   -c /home/zcw/C++_MUKOEDO_LIB/pytorch_clone/build/CMakeFiles/CMakeTmp/src.c
/home/zcw/C++_MUKOEDO_LIB/pytorch_clone/build/CMakeFiles/CMakeTmp/src.c:1: warning: ignoring #pragma   [-Wunknown-pragmas]
    1 | #pragma
      | 
cc1: warning: unrecognized command line option ‘-Wno-implicit-const-int-float-conversion’
Linking C executable cmTC_f1b2f
/usr/bin/cmake -E cmake_link_script CMakeFiles/cmTC_f1b2f.dir/link.txt --verbose=1
/usr/bin/cc    -fsigned-char -W -Wall -Werror=return-type -Werror=address -Werror=sequence-point -Wformat -Werror=format-security -Wmissing-declarations -Wmissing-prototypes -Wstrict-prototypes -Wundef -Winit-self -Wpointer-arith -Wshadow -Wuninitialized -Wno-comment -Wimplicit-fallthrough=3 -Wno-strict-overflow -fdiagnostics-show-option -Wno-long-long -pthread -fomit-frame-pointer -ffunction-sections -fdata-sections  -msse -msse2 -msse3 -fvisibility=hidden  -O3 -DNDEBUG  -DNDEBUG    -Wl,--gc-sections -Wl,--as-needed  CMakeFiles/cmTC_f1b2f.dir/src.c.o  -o cmTC_f1b2f 
make[1]: Leaving directory '/home/zcw/C++_MUKOEDO_LIB/pytorch_clone/build/CMakeFiles/CMakeTmp'


===== END =====

Determining if the _aligned_malloc exist failed with the following output:
Change Dir: /home/zcw/C++_MUKOEDO_LIB/pytorch_clone/build/CMakeFiles/CMakeTmp

Run Build Command(s):/usr/bin/make cmTC_71e4c/fast && /usr/bin/make -f CMakeFiles/cmTC_71e4c.dir/build.make CMakeFiles/cmTC_71e4c.dir/build
make[1]: Entering directory '/home/zcw/C++_MUKOEDO_LIB/pytorch_clone/build/CMakeFiles/CMakeTmp'
Building C object CMakeFiles/cmTC_71e4c.dir/CheckSymbolExists.c.o
/usr/bin/cc   -fsigned-char -W -Wall -Werror=return-type -Werror=address -Werror=sequence-point -Wformat -Werror=format-security -Wmissing-declarations -Wmissing-prototypes -Wstrict-prototypes -Wundef -Winit-self -Wpointer-arith -Wshadow -Wuninitialized -Wno-comment -Wimplicit-fallthrough=3 -Wno-strict-overflow -fdiagnostics-show-option -Wno-long-long -pthread -fomit-frame-pointer -ffunction-sections -fdata-sections  -msse -msse2 -msse3 -fvisibility=hidden  -O3 -DNDEBUG  -DNDEBUG -fPIE   -o CMakeFiles/cmTC_71e4c.dir/CheckSymbolExists.c.o   -c /home/zcw/C++_MUKOEDO_LIB/pytorch_clone/build/CMakeFiles/CMakeTmp/CheckSymbolExists.c
/home/zcw/C++_MUKOEDO_LIB/pytorch_clone/build/CMakeFiles/CMakeTmp/CheckSymbolExists.c: In function ‘main’:
/home/zcw/C++_MUKOEDO_LIB/pytorch_clone/build/CMakeFiles/CMakeTmp/CheckSymbolExists.c:8:19: error: ‘_aligned_malloc’ undeclared (first use in this function)
    8 |   return ((int*)(&_aligned_malloc))[argc];
      |                   ^~~~~~~~~~~~~~~
/home/zcw/C++_MUKOEDO_LIB/pytorch_clone/build/CMakeFiles/CMakeTmp/CheckSymbolExists.c:8:19: note: each undeclared identifier is reported only once for each function it appears in
/home/zcw/C++_MUKOEDO_LIB/pytorch_clone/build/CMakeFiles/CMakeTmp/CheckSymbolExists.c:4:14: warning: parameter ‘argc’ set but not used [-Wunused-but-set-parameter]
    4 | int main(int argc, char** argv)
      |          ~~~~^~~~
make[1]: *** [CMakeFiles/cmTC_71e4c.dir/build.make:66: CMakeFiles/cmTC_71e4c.dir/CheckSymbolExists.c.o] Error 1
make[1]: Leaving directory '/home/zcw/C++_MUKOEDO_LIB/pytorch_clone/build/CMakeFiles/CMakeTmp'
make: *** [Makefile:121: cmTC_71e4c/fast] Error 2


File /home/zcw/C++_MUKOEDO_LIB/pytorch_clone/build/CMakeFiles/CMakeTmp/CheckSymbolExists.c:
/* */
#include <malloc.h>

int main(int argc, char** argv)
{
  (void)argv;
#ifndef _aligned_malloc
  return ((int*)(&_aligned_malloc))[argc];
#else
  (void)argc;
  return 0;
#endif
}
Build output check failed:
    Regex: 'unrecognized .*option'
    Output line: 'cc1plus: warning: unrecognized command line option ‘-Wno-inconsistent-missing-override’'
Compilation failed:
    source file: '/home/zcw/C++_MUKOEDO_LIB/pytorch_clone/build/CMakeFiles/CMakeTmp/src.cxx'
    check option: ' -Wno-inconsistent-missing-override'
===== BUILD LOG =====
Change Dir: /home/zcw/C++_MUKOEDO_LIB/pytorch_clone/build/CMakeFiles/CMakeTmp

Run Build Command(s):/usr/bin/make cmTC_9f54f/fast && /usr/bin/make -f CMakeFiles/cmTC_9f54f.dir/build.make CMakeFiles/cmTC_9f54f.dir/build
make[1]: Entering directory '/home/zcw/C++_MUKOEDO_LIB/pytorch_clone/build/CMakeFiles/CMakeTmp'
Building CXX object CMakeFiles/cmTC_9f54f.dir/src.cxx.o
/usr/bin/c++    -fsigned-char -W -Wall -Werror=return-type -Werror=non-virtual-dtor -Werror=address -Werror=sequence-point -Wformat -Werror=format-security -Winit-self -Wpointer-arith -Wsign-promo -Wno-delete-non-virtual-dtor -Wno-comment -Wimplicit-fallthrough=3 -Wno-strict-overflow -fdiagnostics-show-option -Wno-long-long -pthread -fomit-frame-pointer -ffunction-sections -fdata-sections  -msse -msse2 -msse3 -fvisibility=hidden -fvisibility-inlines-hidden -Wno-shadow -Wno-unused -Wno-sign-compare -Wno-undef -Wno-missing-declarations -Wno-uninitialized -Wno-switch -Wno-parentheses -Wno-array-bounds -Wno-extra -Wno-deprecated-declarations -Wno-misleading-indentation -Wno-deprecated -Wno-suggest-override  -O3 -DNDEBUG  -DNDEBUG -fPIE    -Wno-inconsistent-missing-override -std=c++11 -o CMakeFiles/cmTC_9f54f.dir/src.cxx.o -c /home/zcw/C++_MUKOEDO_LIB/pytorch_clone/build/CMakeFiles/CMakeTmp/src.cxx
/home/zcw/C++_MUKOEDO_LIB/pytorch_clone/build/CMakeFiles/CMakeTmp/src.cxx:1: warning: ignoring #pragma   [-Wunknown-pragmas]
    1 | #pragma
      | 
cc1plus: warning: unrecognized command line option ‘-Wno-inconsistent-missing-override’
Linking CXX executable cmTC_9f54f
/usr/bin/cmake -E cmake_link_script CMakeFiles/cmTC_9f54f.dir/link.txt --verbose=1
/usr/bin/c++     -fsigned-char -W -Wall -Werror=return-type -Werror=non-virtual-dtor -Werror=address -Werror=sequence-point -Wformat -Werror=format-security -Winit-self -Wpointer-arith -Wsign-promo -Wno-delete-non-virtual-dtor -Wno-comment -Wimplicit-fallthrough=3 -Wno-strict-overflow -fdiagnostics-show-option -Wno-long-long -pthread -fomit-frame-pointer -ffunction-sections -fdata-sections  -msse -msse2 -msse3 -fvisibility=hidden -fvisibility-inlines-hidden -Wno-shadow -Wno-unused -Wno-sign-compare -Wno-undef -Wno-missing-declarations -Wno-uninitialized -Wno-switch -Wno-parentheses -Wno-array-bounds -Wno-extra -Wno-deprecated-declarations -Wno-misleading-indentation -Wno-deprecated -Wno-suggest-override  -O3 -DNDEBUG  -DNDEBUG    -Wl,--gc-sections -Wl,--as-needed  CMakeFiles/cmTC_9f54f.dir/src.cxx.o  -o cmTC_9f54f 
make[1]: Leaving directory '/home/zcw/C++_MUKOEDO_LIB/pytorch_clone/build/CMakeFiles/CMakeTmp'


===== END =====

Build output check failed:
    Regex: 'unrecognized .*option'
    Output line: 'cc1plus: warning: unrecognized command line option ‘-Wno-implicit-const-int-float-conversion’'
Compilation failed:
    source file: '/home/zcw/C++_MUKOEDO_LIB/pytorch_clone/build/CMakeFiles/CMakeTmp/src.cxx'
    check option: ' -Wno-implicit-const-int-float-conversion'
===== BUILD LOG =====
Change Dir: /home/zcw/C++_MUKOEDO_LIB/pytorch_clone/build/CMakeFiles/CMakeTmp

Run Build Command(s):/usr/bin/make cmTC_ede01/fast && /usr/bin/make -f CMakeFiles/cmTC_ede01.dir/build.make CMakeFiles/cmTC_ede01.dir/build
make[1]: Entering directory '/home/zcw/C++_MUKOEDO_LIB/pytorch_clone/build/CMakeFiles/CMakeTmp'
Building CXX object CMakeFiles/cmTC_ede01.dir/src.cxx.o
/usr/bin/c++    -fsigned-char -W -Wall -Werror=return-type -Werror=non-virtual-dtor -Werror=address -Werror=sequence-point -Wformat -Werror=format-security -Winit-self -Wpointer-arith -Wsign-promo -Wno-delete-non-virtual-dtor -Wno-comment -Wno-strict-overflow -fdiagnostics-show-option -Wno-long-long -pthread -fomit-frame-pointer -ffunction-sections -fdata-sections  -msse -msse2 -msse3 -fvisibility=hidden -fvisibility-inlines-hidden -Wno-shadow -Wno-unused -Wno-sign-compare -Wno-undef -Wno-missing-declarations -Wno-uninitialized -Wno-switch -Wno-parentheses -Wno-array-bounds -Wno-extra -Wno-deprecated-declarations -Wno-misleading-indentation -Wno-deprecated -Wno-suggest-override -Wno-implicit-fallthrough -Wno-tautological-compare -Wno-reorder -Wno-unused-result  -O3 -DNDEBUG  -DNDEBUG -fPIE    -Wno-implicit-const-int-float-conversion -std=c++11 -o CMakeFiles/cmTC_ede01.dir/src.cxx.o -c /home/zcw/C++_MUKOEDO_LIB/pytorch_clone/build/CMakeFiles/CMakeTmp/src.cxx
/home/zcw/C++_MUKOEDO_LIB/pytorch_clone/build/CMakeFiles/CMakeTmp/src.cxx:1: warning: ignoring #pragma   [-Wunknown-pragmas]
    1 | #pragma
      | 
cc1plus: warning: unrecognized command line option ‘-Wno-implicit-const-int-float-conversion’
Linking CXX executable cmTC_ede01
/usr/bin/cmake -E cmake_link_script CMakeFiles/cmTC_ede01.dir/link.txt --verbose=1
/usr/bin/c++     -fsigned-char -W -Wall -Werror=return-type -Werror=non-virtual-dtor -Werror=address -Werror=sequence-point -Wformat -Werror=format-security -Winit-self -Wpointer-arith -Wsign-promo -Wno-delete-non-virtual-dtor -Wno-comment -Wno-strict-overflow -fdiagnostics-show-option -Wno-long-long -pthread -fomit-frame-pointer -ffunction-sections -fdata-sections  -msse -msse2 -msse3 -fvisibility=hidden -fvisibility-inlines-hidden -Wno-shadow -Wno-unused -Wno-sign-compare -Wno-undef -Wno-missing-declarations -Wno-uninitialized -Wno-switch -Wno-parentheses -Wno-array-bounds -Wno-extra -Wno-deprecated-declarations -Wno-misleading-indentation -Wno-deprecated -Wno-suggest-override -Wno-implicit-fallthrough -Wno-tautological-compare -Wno-reorder -Wno-unused-result  -O3 -DNDEBUG  -DNDEBUG    -Wl,--gc-sections -Wl,--as-needed  CMakeFiles/cmTC_ede01.dir/src.cxx.o  -o cmTC_ede01 
make[1]: Leaving directory '/home/zcw/C++_MUKOEDO_LIB/pytorch_clone/build/CMakeFiles/CMakeTmp'


===== END =====

Determining if the function sgemm_ exists failed with the following output:
Change Dir: /home/zcw/C++_MUKOEDO_LIB/pytorch_clone/build/CMakeFiles/CMakeTmp

Run Build Command(s):/usr/bin/make cmTC_20ad7/fast && /usr/bin/make -f CMakeFiles/cmTC_20ad7.dir/build.make CMakeFiles/cmTC_20ad7.dir/build
make[1]: Entering directory '/home/zcw/C++_MUKOEDO_LIB/pytorch_clone/build/CMakeFiles/CMakeTmp'
Building C object CMakeFiles/cmTC_20ad7.dir/CheckFunctionExists.c.o
/usr/bin/cc   -fsigned-char -W -Wall -Werror=return-type -Werror=address -Werror=sequence-point -Wformat -Werror=format-security -Wmissing-declarations -Wmissing-prototypes -Wstrict-prototypes -Wundef -Winit-self -Wpointer-arith -Wshadow -Wuninitialized -Wno-comment -Wimplicit-fallthrough=3 -Wno-strict-overflow -fdiagnostics-show-option -Wno-long-long -pthread -fomit-frame-pointer -ffunction-sections -fdata-sections  -msse -msse2 -msse3 -fvisibility=hidden -DCHECK_FUNCTION_EXISTS=sgemm_ -O3 -DNDEBUG  -DNDEBUG -fPIE   -o CMakeFiles/cmTC_20ad7.dir/CheckFunctionExists.c.o   -c /usr/share/cmake-3.16/Modules/CheckFunctionExists.c
Linking C executable cmTC_20ad7
/usr/bin/cmake -E cmake_link_script CMakeFiles/cmTC_20ad7.dir/link.txt --verbose=1
/usr/bin/cc    -fsigned-char -W -Wall -Werror=return-type -Werror=address -Werror=sequence-point -Wformat -Werror=format-security -Wmissing-declarations -Wmissing-prototypes -Wstrict-prototypes -Wundef -Winit-self -Wpointer-arith -Wshadow -Wuninitialized -Wno-comment -Wimplicit-fallthrough=3 -Wno-strict-overflow -fdiagnostics-show-option -Wno-long-long -pthread -fomit-frame-pointer -ffunction-sections -fdata-sections  -msse -msse2 -msse3 -fvisibility=hidden -DCHECK_FUNCTION_EXISTS=sgemm_ -O3 -DNDEBUG  -DNDEBUG    -Wl,--gc-sections -Wl,--as-needed  CMakeFiles/cmTC_20ad7.dir/CheckFunctionExists.c.o  -o cmTC_20ad7 
/usr/bin/ld: CMakeFiles/cmTC_20ad7.dir/CheckFunctionExists.c.o: in function `main':
CheckFunctionExists.c:(.text.startup.main+0x10): undefined reference to `sgemm_'
collect2: error: ld returned 1 exit status
make[1]: *** [CMakeFiles/cmTC_20ad7.dir/build.make:87: cmTC_20ad7] Error 1
make[1]: Leaving directory '/home/zcw/C++_MUKOEDO_LIB/pytorch_clone/build/CMakeFiles/CMakeTmp'
make: *** [Makefile:121: cmTC_20ad7/fast] Error 2



Determining if the function cheev_ exists failed with the following output:
Change Dir: /home/zcw/C++_MUKOEDO_LIB/pytorch_clone/build/CMakeFiles/CMakeTmp

Run Build Command(s):/usr/bin/make cmTC_91fad/fast && /usr/bin/make -f CMakeFiles/cmTC_91fad.dir/build.make CMakeFiles/cmTC_91fad.dir/build
make[1]: Entering directory '/home/zcw/C++_MUKOEDO_LIB/pytorch_clone/build/CMakeFiles/CMakeTmp'
Building C object CMakeFiles/cmTC_91fad.dir/CheckFunctionExists.c.o
/usr/bin/cc   -fsigned-char -W -Wall -Werror=return-type -Werror=address -Werror=sequence-point -Wformat -Werror=format-security -Wmissing-declarations -Wmissing-prototypes -Wstrict-prototypes -Wundef -Winit-self -Wpointer-arith -Wshadow -Wuninitialized -Wno-comment -Wimplicit-fallthrough=3 -Wno-strict-overflow -fdiagnostics-show-option -Wno-long-long -pthread -fomit-frame-pointer -ffunction-sections -fdata-sections  -msse -msse2 -msse3 -fvisibility=hidden -DCHECK_FUNCTION_EXISTS=cheev_ -O3 -DNDEBUG  -DNDEBUG -fPIE   -o CMakeFiles/cmTC_91fad.dir/CheckFunctionExists.c.o   -c /usr/share/cmake-3.16/Modules/CheckFunctionExists.c
Linking C executable cmTC_91fad
/usr/bin/cmake -E cmake_link_script CMakeFiles/cmTC_91fad.dir/link.txt --verbose=1
/usr/bin/cc    -fsigned-char -W -Wall -Werror=return-type -Werror=address -Werror=sequence-point -Wformat -Werror=format-security -Wmissing-declarations -Wmissing-prototypes -Wstrict-prototypes -Wundef -Winit-self -Wpointer-arith -Wshadow -Wuninitialized -Wno-comment -Wimplicit-fallthrough=3 -Wno-strict-overflow -fdiagnostics-show-option -Wno-long-long -pthread -fomit-frame-pointer -ffunction-sections -fdata-sections  -msse -msse2 -msse3 -fvisibility=hidden -DCHECK_FUNCTION_EXISTS=cheev_ -O3 -DNDEBUG  -DNDEBUG    -Wl,--gc-sections -Wl,--as-needed  CMakeFiles/cmTC_91fad.dir/CheckFunctionExists.c.o  -o cmTC_91fad  /usr/lib/x86_64-linux-gnu/libf77blas.so /usr/lib/x86_64-linux-gnu/libatlas.so 
/usr/bin/ld: CMakeFiles/cmTC_91fad.dir/CheckFunctionExists.c.o: in function `main':
CheckFunctionExists.c:(.text.startup.main+0x10): undefined reference to `cheev_'
collect2: error: ld returned 1 exit status
make[1]: *** [CMakeFiles/cmTC_91fad.dir/build.make:89: cmTC_91fad] Error 1
make[1]: Leaving directory '/home/zcw/C++_MUKOEDO_LIB/pytorch_clone/build/CMakeFiles/CMakeTmp'
make: *** [Makefile:121: cmTC_91fad/fast] Error 2



Build output check failed:
    Regex: 'unrecognized .*option'
    Output line: 'cc1plus: warning: unrecognized command line option ‘-Wno-tautological-undefined-compare’'
Compilation failed:
    source file: '/home/zcw/C++_MUKOEDO_LIB/pytorch_clone/build/CMakeFiles/CMakeTmp/src.cxx'
    check option: ' -Wno-tautological-undefined-compare'
===== BUILD LOG =====
Change Dir: /home/zcw/C++_MUKOEDO_LIB/pytorch_clone/build/CMakeFiles/CMakeTmp

Run Build Command(s):/usr/bin/make cmTC_aee8c/fast && /usr/bin/make -f CMakeFiles/cmTC_aee8c.dir/build.make CMakeFiles/cmTC_aee8c.dir/build
make[1]: Entering directory '/home/zcw/C++_MUKOEDO_LIB/pytorch_clone/build/CMakeFiles/CMakeTmp'
Building CXX object CMakeFiles/cmTC_aee8c.dir/src.cxx.o
/usr/bin/c++    -fsigned-char -W -Wall -Werror=return-type -Werror=non-virtual-dtor -Werror=address -Werror=sequence-point -Wformat -Werror=format-security -Winit-self -Wpointer-arith -Wuninitialized -Wsuggest-override -Wno-delete-non-virtual-dtor -Wno-comment -Wimplicit-fallthrough=3 -Wno-strict-overflow -fdiagnostics-show-option -Wno-long-long -pthread -fomit-frame-pointer -ffunction-sections -fdata-sections  -msse -msse2 -msse3 -fvisibility=hidden -fvisibility-inlines-hidden -Wno-deprecated -Wno-missing-declarations -Wno-shadow -Wno-unused-parameter -Wno-unused-local-typedefs -Wno-sign-compare -Wno-sign-promo -Wno-undef  -O3 -DNDEBUG  -DNDEBUG -fPIE    -Wno-tautological-undefined-compare -std=c++11 -o CMakeFiles/cmTC_aee8c.dir/src.cxx.o -c /home/zcw/C++_MUKOEDO_LIB/pytorch_clone/build/CMakeFiles/CMakeTmp/src.cxx
/home/zcw/C++_MUKOEDO_LIB/pytorch_clone/build/CMakeFiles/CMakeTmp/src.cxx:1: warning: ignoring #pragma   [-Wunknown-pragmas]
    1 | #pragma
      | 
cc1plus: warning: unrecognized command line option ‘-Wno-tautological-undefined-compare’
Linking CXX executable cmTC_aee8c
/usr/bin/cmake -E cmake_link_script CMakeFiles/cmTC_aee8c.dir/link.txt --verbose=1
/usr/bin/c++     -fsigned-char -W -Wall -Werror=return-type -Werror=non-virtual-dtor -Werror=address -Werror=sequence-point -Wformat -Werror=format-security -Winit-self -Wpointer-arith -Wuninitialized -Wsuggest-override -Wno-delete-non-virtual-dtor -Wno-comment -Wimplicit-fallthrough=3 -Wno-strict-overflow -fdiagnostics-show-option -Wno-long-long -pthread -fomit-frame-pointer -ffunction-sections -fdata-sections  -msse -msse2 -msse3 -fvisibility=hidden -fvisibility-inlines-hidden -Wno-deprecated -Wno-missing-declarations -Wno-shadow -Wno-unused-parameter -Wno-unused-local-typedefs -Wno-sign-compare -Wno-sign-promo -Wno-undef  -O3 -DNDEBUG  -DNDEBUG    -Wl,--gc-sections -Wl,--as-needed  CMakeFiles/cmTC_aee8c.dir/src.cxx.o  -o cmTC_aee8c 
make[1]: Leaving directory '/home/zcw/C++_MUKOEDO_LIB/pytorch_clone/build/CMakeFiles/CMakeTmp'


===== END =====

Build output check failed:
    Regex: 'unrecognized .*option'
    Output line: 'cc1plus: warning: unrecognized command line option ‘-Wno-shorten-64-to-32’'
Compilation failed:
    source file: '/home/zcw/C++_MUKOEDO_LIB/pytorch_clone/build/CMakeFiles/CMakeTmp/src.cxx'
    check option: ' -Wno-shorten-64-to-32'
===== BUILD LOG =====
Change Dir: /home/zcw/C++_MUKOEDO_LIB/pytorch_clone/build/CMakeFiles/CMakeTmp

Run Build Command(s):/usr/bin/make cmTC_34cd9/fast && /usr/bin/make -f CMakeFiles/cmTC_34cd9.dir/build.make CMakeFiles/cmTC_34cd9.dir/build
make[1]: Entering directory '/home/zcw/C++_MUKOEDO_LIB/pytorch_clone/build/CMakeFiles/CMakeTmp'
Building CXX object CMakeFiles/cmTC_34cd9.dir/src.cxx.o
/usr/bin/c++    -fsigned-char -W -Wall -Werror=return-type -Werror=non-virtual-dtor -Werror=address -Werror=sequence-point -Wformat -Werror=format-security -Winit-self -Wpointer-arith -Wuninitialized -Wsuggest-override -Wno-delete-non-virtual-dtor -Wno-comment -Wimplicit-fallthrough=3 -Wno-strict-overflow -fdiagnostics-show-option -Wno-long-long -pthread -fomit-frame-pointer -ffunction-sections -fdata-sections  -msse -msse2 -msse3 -fvisibility=hidden -fvisibility-inlines-hidden -Wno-deprecated -Wno-missing-declarations -Wno-shadow -Wno-unused-parameter -Wno-unused-local-typedefs -Wno-sign-compare -Wno-sign-promo -Wno-undef -Wno-ignored-qualifiers -Wno-extra -Wno-unused-function -Wno-unused-const-variable  -O3 -DNDEBUG  -DNDEBUG -fPIE    -Wno-shorten-64-to-32 -std=c++11 -o CMakeFiles/cmTC_34cd9.dir/src.cxx.o -c /home/zcw/C++_MUKOEDO_LIB/pytorch_clone/build/CMakeFiles/CMakeTmp/src.cxx
/home/zcw/C++_MUKOEDO_LIB/pytorch_clone/build/CMakeFiles/CMakeTmp/src.cxx:1: warning: ignoring #pragma   [-Wunknown-pragmas]
    1 | #pragma
      | 
cc1plus: warning: unrecognized command line option ‘-Wno-shorten-64-to-32’
Linking CXX executable cmTC_34cd9
/usr/bin/cmake -E cmake_link_script CMakeFiles/cmTC_34cd9.dir/link.txt --verbose=1
/usr/bin/c++     -fsigned-char -W -Wall -Werror=return-type -Werror=non-virtual-dtor -Werror=address -Werror=sequence-point -Wformat -Werror=format-security -Winit-self -Wpointer-arith -Wuninitialized -Wsuggest-override -Wno-delete-non-virtual-dtor -Wno-comment -Wimplicit-fallthrough=3 -Wno-strict-overflow -fdiagnostics-show-option -Wno-long-long -pthread -fomit-frame-pointer -ffunction-sections -fdata-sections  -msse -msse2 -msse3 -fvisibility=hidden -fvisibility-inlines-hidden -Wno-deprecated -Wno-missing-declarations -Wno-shadow -Wno-unused-parameter -Wno-unused-local-typedefs -Wno-sign-compare -Wno-sign-promo -Wno-undef -Wno-ignored-qualifiers -Wno-extra -Wno-unused-function -Wno-unused-const-variable  -O3 -DNDEBUG  -DNDEBUG    -Wl,--gc-sections -Wl,--as-needed  CMakeFiles/cmTC_34cd9.dir/src.cxx.o  -o cmTC_34cd9 
make[1]: Leaving directory '/home/zcw/C++_MUKOEDO_LIB/pytorch_clone/build/CMakeFiles/CMakeTmp'


===== END =====

Build output check failed:
    Regex: 'unrecognized .*option'
    Output line: 'cc1plus: warning: unrecognized command line option ‘-Wno-enum-compare-switch’'
Compilation failed:
    source file: '/home/zcw/C++_MUKOEDO_LIB/pytorch_clone/build/CMakeFiles/CMakeTmp/src.cxx'
    check option: ' -Wno-enum-compare-switch'
===== BUILD LOG =====
Change Dir: /home/zcw/C++_MUKOEDO_LIB/pytorch_clone/build/CMakeFiles/CMakeTmp

Run Build Command(s):/usr/bin/make cmTC_f51bc/fast && /usr/bin/make -f CMakeFiles/cmTC_f51bc.dir/build.make CMakeFiles/cmTC_f51bc.dir/build
make[1]: Entering directory '/home/zcw/C++_MUKOEDO_LIB/pytorch_clone/build/CMakeFiles/CMakeTmp'
Building CXX object CMakeFiles/cmTC_f51bc.dir/src.cxx.o
/usr/bin/c++    -fsigned-char -W -Wall -Werror=return-type -Werror=non-virtual-dtor -Werror=address -Werror=sequence-point -Wformat -Werror=format-security -Winit-self -Wpointer-arith -Wuninitialized -Wsuggest-override -Wno-delete-non-virtual-dtor -Wno-comment -Wimplicit-fallthrough=3 -Wno-strict-overflow -fdiagnostics-show-option -Wno-long-long -pthread -fomit-frame-pointer -ffunction-sections -fdata-sections  -msse -msse2 -msse3 -fvisibility=hidden -fvisibility-inlines-hidden -Wno-deprecated -Wno-missing-declarations -Wno-shadow -Wno-unused-parameter -Wno-unused-local-typedefs -Wno-sign-compare -Wno-sign-promo -Wno-undef -Wno-ignored-qualifiers -Wno-extra -Wno-unused-function -Wno-unused-const-variable -Wno-invalid-offsetof  -O3 -DNDEBUG  -DNDEBUG -fPIE    -Wno-enum-compare-switch -std=c++11 -o CMakeFiles/cmTC_f51bc.dir/src.cxx.o -c /home/zcw/C++_MUKOEDO_LIB/pytorch_clone/build/CMakeFiles/CMakeTmp/src.cxx
/home/zcw/C++_MUKOEDO_LIB/pytorch_clone/build/CMakeFiles/CMakeTmp/src.cxx:1: warning: ignoring #pragma   [-Wunknown-pragmas]
    1 | #pragma
      | 
cc1plus: warning: unrecognized command line option ‘-Wno-enum-compare-switch’
Linking CXX executable cmTC_f51bc
/usr/bin/cmake -E cmake_link_script CMakeFiles/cmTC_f51bc.dir/link.txt --verbose=1
/usr/bin/c++     -fsigned-char -W -Wall -Werror=return-type -Werror=non-virtual-dtor -Werror=address -Werror=sequence-point -Wformat -Werror=format-security -Winit-self -Wpointer-arith -Wuninitialized -Wsuggest-override -Wno-delete-non-virtual-dtor -Wno-comment -Wimplicit-fallthrough=3 -Wno-strict-overflow -fdiagnostics-show-option -Wno-long-long -pthread -fomit-frame-pointer -ffunction-sections -fdata-sections  -msse -msse2 -msse3 -fvisibility=hidden -fvisibility-inlines-hidden -Wno-deprecated -Wno-missing-declarations -Wno-shadow -Wno-unused-parameter -Wno-unused-local-typedefs -Wno-sign-compare -Wno-sign-promo -Wno-undef -Wno-ignored-qualifiers -Wno-extra -Wno-unused-function -Wno-unused-const-variable -Wno-invalid-offsetof  -O3 -DNDEBUG  -DNDEBUG    -Wl,--gc-sections -Wl,--as-needed  CMakeFiles/cmTC_f51bc.dir/src.cxx.o  -o cmTC_f51bc 
make[1]: Leaving directory '/home/zcw/C++_MUKOEDO_LIB/pytorch_clone/build/CMakeFiles/CMakeTmp'


===== END =====

Determining if the include file sys/videoio.h exists failed with the following output:
Change Dir: /home/zcw/C++_MUKOEDO_LIB/pytorch_clone/build/CMakeFiles/CMakeTmp

Run Build Command(s):/usr/bin/make cmTC_73cf4/fast && /usr/bin/make -f CMakeFiles/cmTC_73cf4.dir/build.make CMakeFiles/cmTC_73cf4.dir/build
make[1]: Entering directory '/home/zcw/C++_MUKOEDO_LIB/pytorch_clone/build/CMakeFiles/CMakeTmp'
Building C object CMakeFiles/cmTC_73cf4.dir/CheckIncludeFile.c.o
/usr/bin/cc   -fsigned-char -W -Wall -Werror=return-type -Werror=address -Werror=sequence-point -Wformat -Werror=format-security -Wmissing-declarations -Wmissing-prototypes -Wstrict-prototypes -Wundef -Winit-self -Wpointer-arith -Wshadow -Wuninitialized -Wno-comment -Wimplicit-fallthrough=3 -Wno-strict-overflow -fdiagnostics-show-option -Wno-long-long -pthread -fomit-frame-pointer -ffunction-sections -fdata-sections  -msse -msse2 -msse3 -fvisibility=hidden  -O3 -DNDEBUG  -DNDEBUG -fPIE   -o CMakeFiles/cmTC_73cf4.dir/CheckIncludeFile.c.o   -c /home/zcw/C++_MUKOEDO_LIB/pytorch_clone/build/CMakeFiles/CMakeTmp/CheckIncludeFile.c
/home/zcw/C++_MUKOEDO_LIB/pytorch_clone/build/CMakeFiles/CMakeTmp/CheckIncludeFile.c:1:10: fatal error: sys/videoio.h: No such file or directory
    1 | #include <sys/videoio.h>
      |          ^~~~~~~~~~~~~~~
compilation terminated.
make[1]: *** [CMakeFiles/cmTC_73cf4.dir/build.make:66: CMakeFiles/cmTC_73cf4.dir/CheckIncludeFile.c.o] Error 1
make[1]: Leaving directory '/home/zcw/C++_MUKOEDO_LIB/pytorch_clone/build/CMakeFiles/CMakeTmp'
make: *** [Makefile:121: cmTC_73cf4/fast] Error 2



