Performing C SOURCE FILE Test CMAKE_HAVE_LIBC_PTHREAD failed with the following output:
Change Dir: /home/zcw/machine_learning_CPP/Chapter3/Dlib/build/CMakeFiles/CMakeTmp

Run Build Command(s):/usr/bin/make cmTC_2c79c/fast && /usr/bin/make -f CMakeFiles/cmTC_2c79c.dir/build.make CMakeFiles/cmTC_2c79c.dir/build
make[1]: Entering directory '/home/zcw/machine_learning_CPP/Chapter3/Dlib/build/CMakeFiles/CMakeTmp'
Building C object CMakeFiles/cmTC_2c79c.dir/src.c.o
/usr/bin/cc   -DCMAKE_HAVE_LIBC_PTHREAD   -o CMakeFiles/cmTC_2c79c.dir/src.c.o   -c /home/zcw/machine_learning_CPP/Chapter3/Dlib/build/CMakeFiles/CMakeTmp/src.c
Linking C executable cmTC_2c79c
/usr/bin/cmake -E cmake_link_script CMakeFiles/cmTC_2c79c.dir/link.txt --verbose=1
/usr/bin/cc  -DCMAKE_HAVE_LIBC_PTHREAD    -rdynamic CMakeFiles/cmTC_2c79c.dir/src.c.o  -o cmTC_2c79c 
/usr/bin/ld: CMakeFiles/cmTC_2c79c.dir/src.c.o: in function `main':
src.c:(.text+0x46): undefined reference to `pthread_create'
/usr/bin/ld: src.c:(.text+0x52): undefined reference to `pthread_detach'
/usr/bin/ld: src.c:(.text+0x63): undefined reference to `pthread_join'
collect2: error: ld returned 1 exit status
make[1]: *** [CMakeFiles/cmTC_2c79c.dir/build.make:87: cmTC_2c79c] Error 1
make[1]: Leaving directory '/home/zcw/machine_learning_CPP/Chapter3/Dlib/build/CMakeFiles/CMakeTmp'
make: *** [Makefile:121: cmTC_2c79c/fast] Error 2


Source file was:
#include <pthread.h>

void* test_func(void* data)
{
  return data;
}

int main(void)
{
  pthread_t thread;
  pthread_create(&thread, NULL, test_func, NULL);
  pthread_detach(thread);
  pthread_join(thread, NULL);
  pthread_atfork(NULL, NULL, NULL);
  pthread_exit(NULL);

  return 0;
}

Determining if the function pthread_create exists in the pthreads failed with the following output:
Change Dir: /home/zcw/machine_learning_CPP/Chapter3/Dlib/build/CMakeFiles/CMakeTmp

Run Build Command(s):/usr/bin/make cmTC_7d5cd/fast && /usr/bin/make -f CMakeFiles/cmTC_7d5cd.dir/build.make CMakeFiles/cmTC_7d5cd.dir/build
make[1]: Entering directory '/home/zcw/machine_learning_CPP/Chapter3/Dlib/build/CMakeFiles/CMakeTmp'
Building C object CMakeFiles/cmTC_7d5cd.dir/CheckFunctionExists.c.o
/usr/bin/cc   -DCHECK_FUNCTION_EXISTS=pthread_create   -o CMakeFiles/cmTC_7d5cd.dir/CheckFunctionExists.c.o   -c /usr/share/cmake-3.16/Modules/CheckFunctionExists.c
Linking C executable cmTC_7d5cd
/usr/bin/cmake -E cmake_link_script CMakeFiles/cmTC_7d5cd.dir/link.txt --verbose=1
/usr/bin/cc  -DCHECK_FUNCTION_EXISTS=pthread_create    -rdynamic CMakeFiles/cmTC_7d5cd.dir/CheckFunctionExists.c.o  -o cmTC_7d5cd  -lpthreads 
/usr/bin/ld: cannot find -lpthreads
collect2: error: ld returned 1 exit status
make[1]: *** [CMakeFiles/cmTC_7d5cd.dir/build.make:87: cmTC_7d5cd] Error 1
make[1]: Leaving directory '/home/zcw/machine_learning_CPP/Chapter3/Dlib/build/CMakeFiles/CMakeTmp'
make: *** [Makefile:121: cmTC_7d5cd/fast] Error 2



Determining if the function sgesv exists failed with the following output:
Change Dir: /home/zcw/machine_learning_CPP/Chapter3/Dlib/build/CMakeFiles/CMakeTmp

Run Build Command(s):/usr/bin/make cmTC_aace4/fast && /usr/bin/make -f CMakeFiles/cmTC_aace4.dir/build.make CMakeFiles/cmTC_aace4.dir/build
make[1]: Entering directory '/home/zcw/machine_learning_CPP/Chapter3/Dlib/build/CMakeFiles/CMakeTmp'
Building C object CMakeFiles/cmTC_aace4.dir/CheckFunctionExists.c.o
/usr/bin/cc   -DCHECK_FUNCTION_EXISTS=sgesv   -o CMakeFiles/cmTC_aace4.dir/CheckFunctionExists.c.o   -c /usr/share/cmake-3.16/Modules/CheckFunctionExists.c
Linking C executable cmTC_aace4
/usr/bin/cmake -E cmake_link_script CMakeFiles/cmTC_aace4.dir/link.txt --verbose=1
/usr/bin/cc  -DCHECK_FUNCTION_EXISTS=sgesv    -rdynamic CMakeFiles/cmTC_aace4.dir/CheckFunctionExists.c.o  -o cmTC_aace4 
/usr/bin/ld: CMakeFiles/cmTC_aace4.dir/CheckFunctionExists.c.o: in function `main':
CheckFunctionExists.c:(.text+0x14): undefined reference to `sgesv'
collect2: error: ld returned 1 exit status
make[1]: *** [CMakeFiles/cmTC_aace4.dir/build.make:87: cmTC_aace4] Error 1
make[1]: Leaving directory '/home/zcw/machine_learning_CPP/Chapter3/Dlib/build/CMakeFiles/CMakeTmp'
make: *** [Makefile:121: cmTC_aace4/fast] Error 2



Determining if the function sgesv_ exists failed with the following output:
Change Dir: /home/zcw/machine_learning_CPP/Chapter3/Dlib/build/CMakeFiles/CMakeTmp

Run Build Command(s):/usr/bin/make cmTC_e9687/fast && /usr/bin/make -f CMakeFiles/cmTC_e9687.dir/build.make CMakeFiles/cmTC_e9687.dir/build
make[1]: Entering directory '/home/zcw/machine_learning_CPP/Chapter3/Dlib/build/CMakeFiles/CMakeTmp'
Building C object CMakeFiles/cmTC_e9687.dir/CheckFunctionExists.c.o
/usr/bin/cc   -DCHECK_FUNCTION_EXISTS=sgesv_   -o CMakeFiles/cmTC_e9687.dir/CheckFunctionExists.c.o   -c /usr/share/cmake-3.16/Modules/CheckFunctionExists.c
Linking C executable cmTC_e9687
/usr/bin/cmake -E cmake_link_script CMakeFiles/cmTC_e9687.dir/link.txt --verbose=1
/usr/bin/cc  -DCHECK_FUNCTION_EXISTS=sgesv_    -rdynamic CMakeFiles/cmTC_e9687.dir/CheckFunctionExists.c.o  -o cmTC_e9687 
/usr/bin/ld: CMakeFiles/cmTC_e9687.dir/CheckFunctionExists.c.o: in function `main':
CheckFunctionExists.c:(.text+0x14): undefined reference to `sgesv_'
collect2: error: ld returned 1 exit status
make[1]: *** [CMakeFiles/cmTC_e9687.dir/build.make:87: cmTC_e9687] Error 1
make[1]: Leaving directory '/home/zcw/machine_learning_CPP/Chapter3/Dlib/build/CMakeFiles/CMakeTmp'
make: *** [Makefile:121: cmTC_e9687/fast] Error 2



