Performing C SOURCE FILE Test CMAKE_HAVE_LIBC_PTHREAD failed with the following output:
Change Dir: /home/zcw/machine_learning_CPP/Chapter6/dlib/build/CMakeFiles/CMakeTmp

Run Build Command(s):/usr/bin/make cmTC_34f51/fast && /usr/bin/make -f CMakeFiles/cmTC_34f51.dir/build.make CMakeFiles/cmTC_34f51.dir/build
make[1]: Entering directory '/home/zcw/machine_learning_CPP/Chapter6/dlib/build/CMakeFiles/CMakeTmp'
Building C object CMakeFiles/cmTC_34f51.dir/src.c.o
/usr/bin/cc   -DCMAKE_HAVE_LIBC_PTHREAD   -o CMakeFiles/cmTC_34f51.dir/src.c.o   -c /home/zcw/machine_learning_CPP/Chapter6/dlib/build/CMakeFiles/CMakeTmp/src.c
Linking C executable cmTC_34f51
/usr/bin/cmake -E cmake_link_script CMakeFiles/cmTC_34f51.dir/link.txt --verbose=1
/usr/bin/cc  -DCMAKE_HAVE_LIBC_PTHREAD    -rdynamic CMakeFiles/cmTC_34f51.dir/src.c.o  -o cmTC_34f51 
/usr/bin/ld: CMakeFiles/cmTC_34f51.dir/src.c.o: in function `main':
src.c:(.text+0x46): undefined reference to `pthread_create'
/usr/bin/ld: src.c:(.text+0x52): undefined reference to `pthread_detach'
/usr/bin/ld: src.c:(.text+0x63): undefined reference to `pthread_join'
collect2: error: ld returned 1 exit status
make[1]: *** [CMakeFiles/cmTC_34f51.dir/build.make:87: cmTC_34f51] Error 1
make[1]: Leaving directory '/home/zcw/machine_learning_CPP/Chapter6/dlib/build/CMakeFiles/CMakeTmp'
make: *** [Makefile:121: cmTC_34f51/fast] Error 2


Source file was:
#include <pthread.h>

void* test_func(void* data)
{
  return data;
}

int main(void)
{
  pthread_t thread;
  pthread_create(&thread, NULL, test_func, NULL);
  pthread_detach(thread);
  pthread_join(thread, NULL);
  pthread_atfork(NULL, NULL, NULL);
  pthread_exit(NULL);

  return 0;
}

Determining if the function pthread_create exists in the pthreads failed with the following output:
Change Dir: /home/zcw/machine_learning_CPP/Chapter6/dlib/build/CMakeFiles/CMakeTmp

Run Build Command(s):/usr/bin/make cmTC_9566f/fast && /usr/bin/make -f CMakeFiles/cmTC_9566f.dir/build.make CMakeFiles/cmTC_9566f.dir/build
make[1]: Entering directory '/home/zcw/machine_learning_CPP/Chapter6/dlib/build/CMakeFiles/CMakeTmp'
Building C object CMakeFiles/cmTC_9566f.dir/CheckFunctionExists.c.o
/usr/bin/cc   -DCHECK_FUNCTION_EXISTS=pthread_create   -o CMakeFiles/cmTC_9566f.dir/CheckFunctionExists.c.o   -c /usr/share/cmake-3.16/Modules/CheckFunctionExists.c
Linking C executable cmTC_9566f
/usr/bin/cmake -E cmake_link_script CMakeFiles/cmTC_9566f.dir/link.txt --verbose=1
/usr/bin/cc  -DCHECK_FUNCTION_EXISTS=pthread_create    -rdynamic CMakeFiles/cmTC_9566f.dir/CheckFunctionExists.c.o  -o cmTC_9566f  -lpthreads 
/usr/bin/ld: cannot find -lpthreads
collect2: error: ld returned 1 exit status
make[1]: *** [CMakeFiles/cmTC_9566f.dir/build.make:87: cmTC_9566f] Error 1
make[1]: Leaving directory '/home/zcw/machine_learning_CPP/Chapter6/dlib/build/CMakeFiles/CMakeTmp'
make: *** [Makefile:121: cmTC_9566f/fast] Error 2



Determining if the function sgesv exists failed with the following output:
Change Dir: /home/zcw/machine_learning_CPP/Chapter6/dlib/build/CMakeFiles/CMakeTmp

Run Build Command(s):/usr/bin/make cmTC_20d53/fast && /usr/bin/make -f CMakeFiles/cmTC_20d53.dir/build.make CMakeFiles/cmTC_20d53.dir/build
make[1]: Entering directory '/home/zcw/machine_learning_CPP/Chapter6/dlib/build/CMakeFiles/CMakeTmp'
Building C object CMakeFiles/cmTC_20d53.dir/CheckFunctionExists.c.o
/usr/bin/cc   -DCHECK_FUNCTION_EXISTS=sgesv   -o CMakeFiles/cmTC_20d53.dir/CheckFunctionExists.c.o   -c /usr/share/cmake-3.16/Modules/CheckFunctionExists.c
Linking C executable cmTC_20d53
/usr/bin/cmake -E cmake_link_script CMakeFiles/cmTC_20d53.dir/link.txt --verbose=1
/usr/bin/cc  -DCHECK_FUNCTION_EXISTS=sgesv    -rdynamic CMakeFiles/cmTC_20d53.dir/CheckFunctionExists.c.o  -o cmTC_20d53 
/usr/bin/ld: CMakeFiles/cmTC_20d53.dir/CheckFunctionExists.c.o: in function `main':
CheckFunctionExists.c:(.text+0x14): undefined reference to `sgesv'
collect2: error: ld returned 1 exit status
make[1]: *** [CMakeFiles/cmTC_20d53.dir/build.make:87: cmTC_20d53] Error 1
make[1]: Leaving directory '/home/zcw/machine_learning_CPP/Chapter6/dlib/build/CMakeFiles/CMakeTmp'
make: *** [Makefile:121: cmTC_20d53/fast] Error 2



Determining if the function sgesv_ exists failed with the following output:
Change Dir: /home/zcw/machine_learning_CPP/Chapter6/dlib/build/CMakeFiles/CMakeTmp

Run Build Command(s):/usr/bin/make cmTC_c41b8/fast && /usr/bin/make -f CMakeFiles/cmTC_c41b8.dir/build.make CMakeFiles/cmTC_c41b8.dir/build
make[1]: Entering directory '/home/zcw/machine_learning_CPP/Chapter6/dlib/build/CMakeFiles/CMakeTmp'
Building C object CMakeFiles/cmTC_c41b8.dir/CheckFunctionExists.c.o
/usr/bin/cc   -DCHECK_FUNCTION_EXISTS=sgesv_   -o CMakeFiles/cmTC_c41b8.dir/CheckFunctionExists.c.o   -c /usr/share/cmake-3.16/Modules/CheckFunctionExists.c
Linking C executable cmTC_c41b8
/usr/bin/cmake -E cmake_link_script CMakeFiles/cmTC_c41b8.dir/link.txt --verbose=1
/usr/bin/cc  -DCHECK_FUNCTION_EXISTS=sgesv_    -rdynamic CMakeFiles/cmTC_c41b8.dir/CheckFunctionExists.c.o  -o cmTC_c41b8 
/usr/bin/ld: CMakeFiles/cmTC_c41b8.dir/CheckFunctionExists.c.o: in function `main':
CheckFunctionExists.c:(.text+0x14): undefined reference to `sgesv_'
collect2: error: ld returned 1 exit status
make[1]: *** [CMakeFiles/cmTC_c41b8.dir/build.make:87: cmTC_c41b8] Error 1
make[1]: Leaving directory '/home/zcw/machine_learning_CPP/Chapter6/dlib/build/CMakeFiles/CMakeTmp'
make: *** [Makefile:121: cmTC_c41b8/fast] Error 2



